Using pre-set license
Built from '2020.3/staging' branch; Version is '2020.3.11f1 (99c7afb366b3) revision 10078127'; Using compiler version '192528614'; Build Type 'Release'
OS: 'Windows 10 Pro; OS build 19043.1052; Version 2009; 64bit' Language: 'en' Physical Memory: 24516 MB
BatchMode: 1, IsHumanControllingUs: 0, StartBugReporterOnCrash: 0, Is64bit: 1, IsPro: 0

 COMMAND LINE ARGUMENTS:
C:\Program Files\Unity\Hub\Editor\2020.3.11f1\Editor\Unity.exe
-adb2
-batchMode
-noUpm
-name
AssetImportWorker0
-projectPath
D:/Projects/Assessment_5_Side_To_Side/UnityProject/Assessment 5
-logFile
Logs/AssetImportWorker0.log
-srvPort
50663
Successfully changed project path to: D:/Projects/Assessment_5_Side_To_Side/UnityProject/Assessment 5
D:/Projects/Assessment_5_Side_To_Side/UnityProject/Assessment 5
Using Asset Import Pipeline V2.
Refreshing native plugins compatible for Editor in 39.21 ms, found 3 plugins.
Preloading 0 native plugins for Editor in 0.00 ms.
Initialize engine version: 2020.3.11f1 (99c7afb366b3)
[Subsystems] Discovering subsystems at path C:/Program Files/Unity/Hub/Editor/2020.3.11f1/Editor/Data/Resources/UnitySubsystems
[Subsystems] Discovering subsystems at path D:/Projects/Assessment_5_Side_To_Side/UnityProject/Assessment 5/Assets
GfxDevice: creating device client; threaded=0
Direct3D:
    Version:  Direct3D 11.0 [level 11.1]
    Renderer: NVIDIA GeForce GTX 1060 6GB (ID=0x1c03)
    Vendor:   
    VRAM:     6052 MB
    Driver:   30.0.14.7111
Initialize mono
Mono path[0] = 'C:/Program Files/Unity/Hub/Editor/2020.3.11f1/Editor/Data/Managed'
Mono path[1] = 'C:/Program Files/Unity/Hub/Editor/2020.3.11f1/Editor/Data/MonoBleedingEdge/lib/mono/unityjit'
Mono config path = 'C:/Program Files/Unity/Hub/Editor/2020.3.11f1/Editor/Data/MonoBleedingEdge/etc'
Using monoOptions --debugger-agent=transport=dt_socket,embedding=1,server=y,suspend=n,address=127.0.0.1:56172
Begin MonoManager ReloadAssembly
Registering precompiled unity dll's ...
Register platform support module: C:/Program Files/Unity/Hub/Editor/2020.3.11f1/Editor/Data/PlaybackEngines/WebGLSupport/UnityEditor.WebGL.Extensions.dll
Register platform support module: C:/Program Files/Unity/Hub/Editor/2020.3.11f1/Editor/Data/PlaybackEngines/WindowsStandaloneSupport/UnityEditor.WindowsStandalone.Extensions.dll
Registered in 0.001723 seconds.
Native extension for WindowsStandalone target not found
Native extension for WebGL target not found
Refreshing native plugins compatible for Editor in 50.49 ms, found 3 plugins.
Preloading 0 native plugins for Editor in 0.00 ms.
Mono: successfully reloaded assembly
- Completed reload, in  1.774 seconds
Platform modules already initialized, skipping
Registering precompiled user dll's ...
Registered in 0.003400 seconds.
Begin MonoManager ReloadAssembly
Native extension for WindowsStandalone target not found
Native extension for WebGL target not found
Refreshing native plugins compatible for Editor in 37.71 ms, found 3 plugins.
Preloading 0 native plugins for Editor in 0.00 ms.
Mono: successfully reloaded assembly
- Completed reload, in  1.087 seconds
Platform modules already initialized, skipping
========================================================================
Worker process is ready to serve import requests
Launched and connected shader compiler UnityShaderCompiler.exe after 0.05 seconds
Refreshing native plugins compatible for Editor in 0.38 ms, found 3 plugins.
Preloading 0 native plugins for Editor in 0.00 ms.
Unloading 2080 Unused Serialized files (Serialized files now loaded: 0)
System memory in use before: 92.8 MB.
System memory in use after: 92.8 MB.

Unloading 33 unused Assets to reduce memory usage. Loaded Objects now: 2513.
Total: 2.322900 ms (FindLiveObjects: 0.172700 ms CreateObjectMapping: 0.075200 ms MarkObjects: 1.927700 ms  DeleteObjects: 0.146400 ms)

========================================================================
Received Import Request.
  path: Assets
  artifactKey: Guid(00000000000000001000000000000000) Importer(815301076,1909f56bfc062723c751e8b465ee728b)
Start importing Assets using Guid(00000000000000001000000000000000) Importer(815301076,1909f56bfc062723c751e8b465ee728b)  -> (artifact id: '42d402b061de3733987d63b9cc3b64de') in 0.058826 seconds
  Import took 0.110551 seconds .

========================================================================
Received Import Request.
  Time since last request: 4.661073 seconds.
  path: Assets/Prefabs
  artifactKey: Guid(a7c5e1e440bd98d4992b97e16757bfb3) Importer(815301076,1909f56bfc062723c751e8b465ee728b)
Start importing Assets/Prefabs using Guid(a7c5e1e440bd98d4992b97e16757bfb3) Importer(815301076,1909f56bfc062723c751e8b465ee728b)  -> (artifact id: '5587349cd8d4e649617b7651be007357') in 0.009201 seconds
  Import took 0.012596 seconds .

========================================================================
Received Import Request.
  Time since last request: 25.371359 seconds.
  path: Assets/Materials
  artifactKey: Guid(20f4b0eb44786894d8b2a8e42643fecb) Importer(815301076,1909f56bfc062723c751e8b465ee728b)
Start importing Assets/Materials using Guid(20f4b0eb44786894d8b2a8e42643fecb) Importer(815301076,1909f56bfc062723c751e8b465ee728b)  -> (artifact id: 'cd252259adfc80de664f80e2772bfd50') in 0.008939 seconds
  Import took 0.014899 seconds .

========================================================================
Received Import Request.
  Time since last request: 25.270364 seconds.
  path: Assets/Scripts
  artifactKey: Guid(c7a7821a120ee4143a1a1e1f5ae67127) Importer(815301076,1909f56bfc062723c751e8b465ee728b)
Start importing Assets/Scripts using Guid(c7a7821a120ee4143a1a1e1f5ae67127) Importer(815301076,1909f56bfc062723c751e8b465ee728b)  -> (artifact id: '6aefce6f8c3133ac812cfde376c70129') in 0.009973 seconds
  Import took 0.014304 seconds .

========================================================================
Received Import Request.
  Time since last request: 26.516417 seconds.
  path: Assets/Sprites
  artifactKey: Guid(77c44f715d8b62948b23d0d82bcd8a96) Importer(815301076,1909f56bfc062723c751e8b465ee728b)
Start importing Assets/Sprites using Guid(77c44f715d8b62948b23d0d82bcd8a96) Importer(815301076,1909f56bfc062723c751e8b465ee728b)  -> (artifact id: 'a27cbeffc2e3d357c792ea8298dc50f4') in 0.009661 seconds
  Import took 0.012985 seconds .

========================================================================
Received Import Request.
  Time since last request: 24.879843 seconds.
  path: Assets/Scripts/Player
  artifactKey: Guid(22d533385b11ee34c820fab1dd257ed8) Importer(815301076,1909f56bfc062723c751e8b465ee728b)
Start importing Assets/Scripts/Player using Guid(22d533385b11ee34c820fab1dd257ed8) Importer(815301076,1909f56bfc062723c751e8b465ee728b)  -> (artifact id: '8b012ab822b08976b1914f257fdad410') in 0.010025 seconds
  Import took 0.037489 seconds .

========================================================================
Received Import Request.
  Time since last request: 47.638036 seconds.
  path: Assets/Scripts/InGameInteractebals
  artifactKey: Guid(64e061b01d5ef9b4fb3489a5fafdbb66) Importer(815301076,1909f56bfc062723c751e8b465ee728b)
Start importing Assets/Scripts/InGameInteractebals using Guid(64e061b01d5ef9b4fb3489a5fafdbb66) Importer(815301076,1909f56bfc062723c751e8b465ee728b)  -> (artifact id: '73bb97e848404bc0d95f64eda9bbd1ef') in 0.008100 seconds
  Import took 0.023214 seconds .

========================================================================
Received Import Request.
  Time since last request: 20.857746 seconds.
  path: Assets/Scripts/Player/PlayerInput.cs
  artifactKey: Guid(73d3044d85b1ff345a3a011f3075e068) Importer(815301076,1909f56bfc062723c751e8b465ee728b)
Start importing Assets/Scripts/Player/PlayerInput.cs using Guid(73d3044d85b1ff345a3a011f3075e068) Importer(815301076,1909f56bfc062723c751e8b465ee728b)  -> (artifact id: '90e6cfb732336632af0ddda99fd35465') in 0.044769 seconds
  Import took 0.073519 seconds .

========================================================================
Received Prepare
Registering precompiled user dll's ...
Registered in 0.003098 seconds.
Begin MonoManager ReloadAssembly
Native extension for WindowsStandalone target not found
Native extension for WebGL target not found
Refreshing native plugins compatible for Editor in 0.48 ms, found 3 plugins.
Preloading 0 native plugins for Editor in 0.00 ms.
Mono: successfully reloaded assembly
- Completed reload, in  1.064 seconds
Platform modules already initialized, skipping
Refreshing native plugins compatible for Editor in 0.42 ms, found 3 plugins.
Preloading 0 native plugins for Editor in 0.00 ms.
Unloading 2076 Unused Serialized files (Serialized files now loaded: 0)
System memory in use before: 92.8 MB.
System memory in use after: 92.8 MB.

Unloading 21 unused Assets to reduce memory usage. Loaded Objects now: 2518.
Total: 2.152700 ms (FindLiveObjects: 0.170900 ms CreateObjectMapping: 0.072200 ms MarkObjects: 1.803600 ms  DeleteObjects: 0.105000 ms)

========================================================================
Received Import Request.
  Time since last request: 12.396911 seconds.
  path: Assets/Scripts/GameManager.cs
  artifactKey: Guid(49e6ef0d707c035429e0be2887054a10) Importer(815301076,1909f56bfc062723c751e8b465ee728b)
Start importing Assets/Scripts/GameManager.cs using Guid(49e6ef0d707c035429e0be2887054a10) Importer(815301076,1909f56bfc062723c751e8b465ee728b)  -> (artifact id: '0d174d75331a16dda59913f0e9f29e69') in 0.022181 seconds
  Import took 0.033434 seconds .

========================================================================
Received Prepare
Registering precompiled user dll's ...
Registered in 0.003131 seconds.
Begin MonoManager ReloadAssembly
Native extension for WindowsStandalone target not found
Native extension for WebGL target not found
Refreshing native plugins compatible for Editor in 0.41 ms, found 3 plugins.
Preloading 0 native plugins for Editor in 0.00 ms.
Mono: successfully reloaded assembly
- Completed reload, in  1.090 seconds
Platform modules already initialized, skipping
Refreshing native plugins compatible for Editor in 0.80 ms, found 3 plugins.
Preloading 0 native plugins for Editor in 0.00 ms.
Unloading 2077 Unused Serialized files (Serialized files now loaded: 0)
System memory in use before: 92.9 MB.
System memory in use after: 92.9 MB.

Unloading 21 unused Assets to reduce memory usage. Loaded Objects now: 2523.
Total: 2.273300 ms (FindLiveObjects: 0.188800 ms CreateObjectMapping: 0.085700 ms MarkObjects: 1.871200 ms  DeleteObjects: 0.126700 ms)

========================================================================
Received Import Request.
  Time since last request: 15.761629 seconds.
  path: Assets/Scripts/Player/PlayerController.cs
  artifactKey: Guid(d0dff17556af7ef489df3531a114677e) Importer(815301076,1909f56bfc062723c751e8b465ee728b)
Start importing Assets/Scripts/Player/PlayerController.cs using Guid(d0dff17556af7ef489df3531a114677e) Importer(815301076,1909f56bfc062723c751e8b465ee728b)  -> (artifact id: 'e7381020f1bb9f2386d4ad71636f57ad') in 0.013576 seconds
  Import took 0.022382 seconds .

========================================================================
Received Prepare
Registering precompiled user dll's ...
Registered in 0.003212 seconds.
Begin MonoManager ReloadAssembly
Native extension for WindowsStandalone target not found
Native extension for WebGL target not found
Refreshing native plugins compatible for Editor in 0.41 ms, found 3 plugins.
Preloading 0 native plugins for Editor in 0.00 ms.
Mono: successfully reloaded assembly
- Completed reload, in  1.048 seconds
Platform modules already initialized, skipping
Refreshing native plugins compatible for Editor in 0.41 ms, found 3 plugins.
Preloading 0 native plugins for Editor in 0.00 ms.
Unloading 2078 Unused Serialized files (Serialized files now loaded: 0)
System memory in use before: 92.9 MB.
System memory in use after: 92.9 MB.

Unloading 21 unused Assets to reduce memory usage. Loaded Objects now: 2528.
Total: 2.336900 ms (FindLiveObjects: 0.171100 ms CreateObjectMapping: 0.076500 ms MarkObjects: 1.952300 ms  DeleteObjects: 0.136200 ms)

========================================================================
Received Import Request.
  Time since last request: 46.463442 seconds.
  path: Assets/Scripts/InGameInteractebals/VerticalPlatform.cs
  artifactKey: Guid(322a51015f6de9b448d92bf8b962cae9) Importer(815301076,1909f56bfc062723c751e8b465ee728b)
Start importing Assets/Scripts/InGameInteractebals/VerticalPlatform.cs using Guid(322a51015f6de9b448d92bf8b962cae9) Importer(815301076,1909f56bfc062723c751e8b465ee728b)  -> (artifact id: '3961837f6a69ff9aa4196fdc513f72c3') in 0.015282 seconds
  Import took 0.019238 seconds .

========================================================================
Received Import Request.
  Time since last request: 0.001416 seconds.
  path: Assets/Scripts/InGameInteractebals/VerticalPlatform.cs
  artifactKey: Guid(322a51015f6de9b448d92bf8b962cae9) Importer(815301076,1909f56bfc062723c751e8b465ee728b)
Start importing Assets/Scripts/InGameInteractebals/VerticalPlatform.cs using Guid(322a51015f6de9b448d92bf8b962cae9) Importer(815301076,1909f56bfc062723c751e8b465ee728b)  -> (artifact id: '3961837f6a69ff9aa4196fdc513f72c3') in 0.007075 seconds
  Import took 0.010705 seconds .

========================================================================
Received Prepare
Registering precompiled user dll's ...
Registered in 0.002714 seconds.
Begin MonoManager ReloadAssembly
Native extension for WindowsStandalone target not found
Native extension for WebGL target not found
Refreshing native plugins compatible for Editor in 0.40 ms, found 3 plugins.
Preloading 0 native plugins for Editor in 0.00 ms.
Mono: successfully reloaded assembly
- Completed reload, in  0.968 seconds
Platform modules already initialized, skipping
Refreshing native plugins compatible for Editor in 0.40 ms, found 3 plugins.
Preloading 0 native plugins for Editor in 0.00 ms.
Unloading 2079 Unused Serialized files (Serialized files now loaded: 0)
System memory in use before: 93.0 MB.
System memory in use after: 92.9 MB.

Unloading 21 unused Assets to reduce memory usage. Loaded Objects now: 2533.
Total: 2.097600 ms (FindLiveObjects: 0.168000 ms CreateObjectMapping: 0.067700 ms MarkObjects: 1.711700 ms  DeleteObjects: 0.149500 ms)

========================================================================
Received Prepare
Registering precompiled user dll's ...
Registered in 0.002706 seconds.
Begin MonoManager ReloadAssembly
Native extension for WindowsStandalone target not found
Native extension for WebGL target not found
Refreshing native plugins compatible for Editor in 0.43 ms, found 3 plugins.
Preloading 0 native plugins for Editor in 0.00 ms.
Mono: successfully reloaded assembly
- Completed reload, in  1.035 seconds
Platform modules already initialized, skipping
Refreshing native plugins compatible for Editor in 0.40 ms, found 3 plugins.
Preloading 0 native plugins for Editor in 0.00 ms.
Unloading 2079 Unused Serialized files (Serialized files now loaded: 0)
System memory in use before: 93.0 MB.
System memory in use after: 93.0 MB.

Unloading 21 unused Assets to reduce memory usage. Loaded Objects now: 2537.
Total: 2.188200 ms (FindLiveObjects: 0.177400 ms CreateObjectMapping: 0.078400 ms MarkObjects: 1.802200 ms  DeleteObjects: 0.129400 ms)

========================================================================
Received Import Request.
  Time since last request: 53.071181 seconds.
  path: Assets/Scripts/InGameInteractebals/VerticalPlatform.cs
  artifactKey: Guid(322a51015f6de9b448d92bf8b962cae9) Importer(815301076,1909f56bfc062723c751e8b465ee728b)
Start importing Assets/Scripts/InGameInteractebals/VerticalPlatform.cs using Guid(322a51015f6de9b448d92bf8b962cae9) Importer(815301076,1909f56bfc062723c751e8b465ee728b)  -> (artifact id: '2df404ac345273318bc6ded790f2eaa1') in 0.005301 seconds
  Import took 0.008549 seconds .

========================================================================
Received Prepare
Registering precompiled user dll's ...
Registered in 0.002606 seconds.
Begin MonoManager ReloadAssembly
Native extension for WindowsStandalone target not found
Native extension for WebGL target not found
Refreshing native plugins compatible for Editor in 0.55 ms, found 3 plugins.
Preloading 0 native plugins for Editor in 0.00 ms.
Mono: successfully reloaded assembly
- Completed reload, in  1.043 seconds
Platform modules already initialized, skipping
Refreshing native plugins compatible for Editor in 0.44 ms, found 3 plugins.
Preloading 0 native plugins for Editor in 0.00 ms.
Unloading 2079 Unused Serialized files (Serialized files now loaded: 0)
System memory in use before: 93.0 MB.
System memory in use after: 93.0 MB.

Unloading 21 unused Assets to reduce memory usage. Loaded Objects now: 2541.
Total: 2.220500 ms (FindLiveObjects: 0.171900 ms CreateObjectMapping: 0.068200 ms MarkObjects: 1.848000 ms  DeleteObjects: 0.131600 ms)

========================================================================
Received Import Request.
  Time since last request: 141.988961 seconds.
  path: Assets/Scripts/Player/PlayerController.cs
  artifactKey: Guid(d0dff17556af7ef489df3531a114677e) Importer(815301076,1909f56bfc062723c751e8b465ee728b)
Start importing Assets/Scripts/Player/PlayerController.cs using Guid(d0dff17556af7ef489df3531a114677e) Importer(815301076,1909f56bfc062723c751e8b465ee728b)  -> (artifact id: '7ec161d0749c1bf356db1c1ffc4af3ae') in 0.005120 seconds
  Import took 0.039038 seconds .

========================================================================
Received Import Request.
  Time since last request: 17.814176 seconds.
  path: Assets/Prefabs/TileSet
  artifactKey: Guid(2586a8d03c7c2584a96a3a6434da7f1f) Importer(815301076,1909f56bfc062723c751e8b465ee728b)
Start importing Assets/Prefabs/TileSet using Guid(2586a8d03c7c2584a96a3a6434da7f1f) Importer(815301076,1909f56bfc062723c751e8b465ee728b)  -> (artifact id: '5ed6d50672383da13b5a41ed17b4be79') in 0.011128 seconds
  Import took 0.024084 seconds .

========================================================================
Received Prepare
Registering precompiled user dll's ...
Registered in 0.002732 seconds.
Begin MonoManager ReloadAssembly
Native extension for WindowsStandalone target not found
Native extension for WebGL target not found
Refreshing native plugins compatible for Editor in 0.44 ms, found 3 plugins.
Preloading 0 native plugins for Editor in 0.00 ms.
Mono: successfully reloaded assembly
- Completed reload, in  1.167 seconds
Platform modules already initialized, skipping
Refreshing native plugins compatible for Editor in 0.52 ms, found 3 plugins.
Preloading 0 native plugins for Editor in 0.00 ms.
Unloading 2099 Unused Serialized files (Serialized files now loaded: 0)
System memory in use before: 93.7 MB.
System memory in use after: 93.7 MB.

Unloading 21 unused Assets to reduce memory usage. Loaded Objects now: 2565.
Total: 4.241600 ms (FindLiveObjects: 0.313200 ms CreateObjectMapping: 0.101700 ms MarkObjects: 3.632400 ms  DeleteObjects: 0.192800 ms)

========================================================================
Received Prepare
Registering precompiled user dll's ...
Registered in 0.002699 seconds.
Begin MonoManager ReloadAssembly
Native extension for WindowsStandalone target not found
Native extension for WebGL target not found
Refreshing native plugins compatible for Editor in 0.44 ms, found 3 plugins.
Preloading 0 native plugins for Editor in 0.00 ms.
Mono: successfully reloaded assembly
- Completed reload, in  1.050 seconds
Platform modules already initialized, skipping
Refreshing native plugins compatible for Editor in 0.41 ms, found 3 plugins.
Preloading 0 native plugins for Editor in 0.00 ms.
Unloading 2099 Unused Serialized files (Serialized files now loaded: 0)
System memory in use before: 93.7 MB.
System memory in use after: 93.7 MB.

Unloading 21 unused Assets to reduce memory usage. Loaded Objects now: 2569.
Total: 2.181600 ms (FindLiveObjects: 0.173100 ms CreateObjectMapping: 0.073000 ms MarkObjects: 1.807500 ms  DeleteObjects: 0.126800 ms)

========================================================================
Received Prepare
Registering precompiled user dll's ...
Registered in 0.003526 seconds.
Begin MonoManager ReloadAssembly
Native extension for WindowsStandalone target not found
Native extension for WebGL target not found
Refreshing native plugins compatible for Editor in 0.41 ms, found 3 plugins.
Preloading 0 native plugins for Editor in 0.00 ms.
Mono: successfully reloaded assembly
- Completed reload, in  1.026 seconds
Platform modules already initialized, skipping
Refreshing native plugins compatible for Editor in 0.52 ms, found 3 plugins.
Preloading 0 native plugins for Editor in 0.00 ms.
Unloading 2099 Unused Serialized files (Serialized files now loaded: 0)
System memory in use before: 93.7 MB.
System memory in use after: 93.7 MB.

Unloading 21 unused Assets to reduce memory usage. Loaded Objects now: 2573.
Total: 2.265400 ms (FindLiveObjects: 0.187300 ms CreateObjectMapping: 0.077800 ms MarkObjects: 1.867200 ms  DeleteObjects: 0.132300 ms)

========================================================================
Received Prepare
Registering precompiled user dll's ...
Registered in 0.002855 seconds.
Begin MonoManager ReloadAssembly
Native extension for WindowsStandalone target not found
Native extension for WebGL target not found
Refreshing native plugins compatible for Editor in 0.41 ms, found 3 plugins.
Preloading 0 native plugins for Editor in 0.00 ms.
Mono: successfully reloaded assembly
- Completed reload, in  1.022 seconds
Platform modules already initialized, skipping
Refreshing native plugins compatible for Editor in 0.51 ms, found 3 plugins.
Preloading 0 native plugins for Editor in 0.00 ms.
Unloading 2100 Unused Serialized files (Serialized files now loaded: 0)
System memory in use before: 93.7 MB.
System memory in use after: 93.7 MB.

Unloading 21 unused Assets to reduce memory usage. Loaded Objects now: 2578.
Total: 2.390800 ms (FindLiveObjects: 0.184700 ms CreateObjectMapping: 0.078300 ms MarkObjects: 1.985000 ms  DeleteObjects: 0.141800 ms)

========================================================================
Received Prepare
Registering precompiled user dll's ...
Registered in 0.005836 seconds.
Begin MonoManager ReloadAssembly
Native extension for WindowsStandalone target not found
Native extension for WebGL target not found
Refreshing native plugins compatible for Editor in 0.41 ms, found 3 plugins.
Preloading 0 native plugins for Editor in 0.00 ms.
Mono: successfully reloaded assembly
- Completed reload, in  1.020 seconds
Platform modules already initialized, skipping
Refreshing native plugins compatible for Editor in 0.43 ms, found 3 plugins.
Preloading 0 native plugins for Editor in 0.00 ms.
Unloading 2103 Unused Serialized files (Serialized files now loaded: 0)
System memory in use before: 93.8 MB.
System memory in use after: 93.8 MB.

Unloading 21 unused Assets to reduce memory usage. Loaded Objects now: 2585.
Total: 2.238700 ms (FindLiveObjects: 0.170900 ms CreateObjectMapping: 0.070500 ms MarkObjects: 1.864300 ms  DeleteObjects: 0.132100 ms)

========================================================================
Received Prepare
Registering precompiled user dll's ...
Registered in 0.002755 seconds.
Begin MonoManager ReloadAssembly
Native extension for WindowsStandalone target not found
Native extension for WebGL target not found
Refreshing native plugins compatible for Editor in 0.43 ms, found 3 plugins.
Preloading 0 native plugins for Editor in 0.00 ms.
Invalid AssetDatabase path: /Editor/EditorResources/cm_logo_sm.png. Use path relative to the project folder.
UnityEngine.StackTraceUtility:ExtractStackTrace ()
UnityEditor.AssetDatabase:LoadAssetAtPath<UnityEngine.Texture2D> (string)
Cinemachine.Editor.CinemachineSettings:get_CinemachineLogoTexture () (at Library/PackageCache/com.unity.cinemachine@2.6.5/Editor/Windows/CinemachineSettings.cs:205)
Cinemachine.Editor.CinemachineSettings:.cctor () (at Library/PackageCache/com.unity.cinemachine@2.6.5/Editor/Windows/CinemachineSettings.cs:237)
Cinemachine.CinemachineColliderPrefs:.cctor () (at Library/PackageCache/com.unity.cinemachine@2.6.5/Editor/Windows/CinemachineColliderPrefs.cs:61)
System.Runtime.CompilerServices.RuntimeHelpers:RunClassConstructor (System.RuntimeTypeHandle)
UnityEditor.EditorAssemblies:ProcessInitializeOnLoadAttributes (System.Type[])

[Library/PackageCache/com.unity.cinemachine@2.6.5/Editor/Windows/CinemachineSettings.cs line 205]

Mono: successfully reloaded assembly
- Completed reload, in  1.362 seconds
Platform modules already initialized, skipping
Refreshing native plugins compatible for Editor in 0.49 ms, found 3 plugins.
Preloading 0 native plugins for Editor in 0.00 ms.
Unloading 2249 Unused Serialized files (Serialized files now loaded: 0)
System memory in use before: 98.9 MB.
System memory in use after: 99.0 MB.

Unloading 22 unused Assets to reduce memory usage. Loaded Objects now: 2734.
Total: 2.873900 ms (FindLiveObjects: 0.408000 ms CreateObjectMapping: 0.247300 ms MarkObjects: 2.100600 ms  DeleteObjects: 0.116800 ms)

========================================================================
Received Import Request.
  Time since last request: 455.479639 seconds.
  path: Assets/Sprites/TileSet1.png
  artifactKey: Guid(dedd689feefb2524384192f78188e201) Importer(815301076,1909f56bfc062723c751e8b465ee728b)
Start importing Assets/Sprites/TileSet1.png using Guid(dedd689feefb2524384192f78188e201) Importer(815301076,1909f56bfc062723c751e8b465ee728b)  -> (artifact id: '02e464f577d53f54de8668aa9f460f19') in 0.145798 seconds
  Import took 0.150638 seconds .

========================================================================
Received Import Request.
  Time since last request: 22.067695 seconds.
  path: Assets/Sprites/TileSet1.png
  artifactKey: Guid(dedd689feefb2524384192f78188e201) Importer(815301076,1909f56bfc062723c751e8b465ee728b)
Start importing Assets/Sprites/TileSet1.png using Guid(dedd689feefb2524384192f78188e201) Importer(815301076,1909f56bfc062723c751e8b465ee728b)  -> (artifact id: 'e338545a364b5c8d13f948dc7a0dc457') in 0.023066 seconds
  Import took 0.026856 seconds .

========================================================================
Received Import Request.
  Time since last request: 42.353914 seconds.
  path: Assets/Sprites/TileSet1.png
  artifactKey: Guid(dedd689feefb2524384192f78188e201) Importer(815301076,1909f56bfc062723c751e8b465ee728b)
Start importing Assets/Sprites/TileSet1.png using Guid(dedd689feefb2524384192f78188e201) Importer(815301076,1909f56bfc062723c751e8b465ee728b)  -> (artifact id: '3fb4ca3052a837f9d63c3fcdd5b9e1a5') in 0.068965 seconds
  Import took 0.073496 seconds .

========================================================================
Received Import Request.
  Time since last request: 427.564244 seconds.
  path: Assets/Prefabs/TileSet/New Rule Tile.asset
  artifactKey: Guid(c2b593a6ac6b45a4a8d52de65e6f7ddd) Importer(815301076,1909f56bfc062723c751e8b465ee728b)
Start importing Assets/Prefabs/TileSet/New Rule Tile.asset using Guid(c2b593a6ac6b45a4a8d52de65e6f7ddd) Importer(815301076,1909f56bfc062723c751e8b465ee728b)  -> (artifact id: '323736772e351a2d8cc52b7d93d21af0') in 0.022313 seconds
  Import took 0.027111 seconds .

========================================================================
Received Import Request.
  Time since last request: 286.470323 seconds.
  path: Assets/Prefabs/TileSet/TestTile.asset
  artifactKey: Guid(af8f2fc133e5b974db04a7a35cb4e56e) Importer(815301076,1909f56bfc062723c751e8b465ee728b)
Start importing Assets/Prefabs/TileSet/TestTile.asset using Guid(af8f2fc133e5b974db04a7a35cb4e56e) Importer(815301076,1909f56bfc062723c751e8b465ee728b)  -> (artifact id: 'b58562390d765dd84932982ecfd62e30') in 0.016498 seconds
  Import took 0.028368 seconds .

========================================================================
Received Import Request.
  Time since last request: 6.514689 seconds.
  path: Assets/Prefabs/TileSet/TileMap
  artifactKey: Guid(6d3f5cd09e2878146b3be1689d42c27f) Importer(815301076,1909f56bfc062723c751e8b465ee728b)
Start importing Assets/Prefabs/TileSet/TileMap using Guid(6d3f5cd09e2878146b3be1689d42c27f) Importer(815301076,1909f56bfc062723c751e8b465ee728b)  -> (artifact id: '8d2021d1fd5b9be1e147f48f2dc794b6') in 0.009302 seconds
  Import took 0.012615 seconds .

========================================================================
Received Import Request.
  Time since last request: 0.052325 seconds.
  path: Assets/Prefabs/TileSet/TileMap/TestLevel.prefab
  artifactKey: Guid(260667b2a25fb664d95a23b0d3a367d6) Importer(815301076,1909f56bfc062723c751e8b465ee728b)
Start importing Assets/Prefabs/TileSet/TileMap/TestLevel.prefab using Guid(260667b2a25fb664d95a23b0d3a367d6) Importer(815301076,1909f56bfc062723c751e8b465ee728b)  -> (artifact id: '2bd435ad3e9f35bec6ab70447606bfcb') in 0.010807 seconds
  Import took 0.016062 seconds .

========================================================================
Received Import Request.
  Time since last request: 64.078815 seconds.
  path: Assets/Prefabs/TileSet/WalkTileSet.asset
  artifactKey: Guid(cf336724c86fd0e4295f16edd52684dd) Importer(815301076,1909f56bfc062723c751e8b465ee728b)
Start importing Assets/Prefabs/TileSet/WalkTileSet.asset using Guid(cf336724c86fd0e4295f16edd52684dd) Importer(815301076,1909f56bfc062723c751e8b465ee728b)  -> (artifact id: '2b72029fd72487aac76f64848f995abc') in 0.014757 seconds
  Import took 0.018761 seconds .

========================================================================
Received Import Request.
  Time since last request: 686.363158 seconds.
  path: Assets/Prefabs/TileSet/TilePalette.prefab
  artifactKey: Guid(ea54a017f1a5cc846a4813bf74983ce3) Importer(815301076,1909f56bfc062723c751e8b465ee728b)
Start importing Assets/Prefabs/TileSet/TilePalette.prefab using Guid(ea54a017f1a5cc846a4813bf74983ce3) Importer(815301076,1909f56bfc062723c751e8b465ee728b)  -> (artifact id: '79e69fa66a4ae0a42c9b0b51a7d67150') in 0.017154 seconds
  Import took 0.021362 seconds .

========================================================================
Received Import Request.
  Time since last request: 11.234388 seconds.
  path: Assets/Prefabs/TileSet/TilePalette.prefab
  artifactKey: Guid(ea54a017f1a5cc846a4813bf74983ce3) Importer(815301076,1909f56bfc062723c751e8b465ee728b)
Start importing Assets/Prefabs/TileSet/TilePalette.prefab using Guid(ea54a017f1a5cc846a4813bf74983ce3) Importer(815301076,1909f56bfc062723c751e8b465ee728b)  -> (artifact id: 'c4b3e8eaf49f35d47901cae3fc73daa0') in 0.013016 seconds
  Import took 0.017092 seconds .

AssetImportWorkerClient::OnTransportError - code=2 error=End of file
