Using pre-set license
Built from '2020.3/staging' branch; Version is '2020.3.11f1 (99c7afb366b3) revision 10078127'; Using compiler version '192528614'; Build Type 'Release'
OS: 'Windows 10 Pro; OS build 19043.1052; Version 2009; 64bit' Language: 'en' Physical Memory: 24516 MB
BatchMode: 1, IsHumanControllingUs: 0, StartBugReporterOnCrash: 0, Is64bit: 1, IsPro: 0

 COMMAND LINE ARGUMENTS:
C:\Program Files\Unity\Hub\Editor\2020.3.11f1\Editor\Unity.exe
-adb2
-batchMode
-noUpm
-name
AssetImportWorker0
-projectPath
D:/Projects/Assessment_5_Side_To_Side/UnityProject/2D Project Assessment 05
-logFile
Logs/AssetImportWorker0.log
-srvPort
64009
Successfully changed project path to: D:/Projects/Assessment_5_Side_To_Side/UnityProject/2D Project Assessment 05
D:/Projects/Assessment_5_Side_To_Side/UnityProject/2D Project Assessment 05
Using Asset Import Pipeline V2.
Refreshing native plugins compatible for Editor in 47.43 ms, found 3 plugins.
Preloading 0 native plugins for Editor in 0.00 ms.
Initialize engine version: 2020.3.11f1 (99c7afb366b3)
[Subsystems] Discovering subsystems at path C:/Program Files/Unity/Hub/Editor/2020.3.11f1/Editor/Data/Resources/UnitySubsystems
[Subsystems] Discovering subsystems at path D:/Projects/Assessment_5_Side_To_Side/UnityProject/2D Project Assessment 05/Assets
GfxDevice: creating device client; threaded=0
Direct3D:
    Version:  Direct3D 11.0 [level 11.1]
    Renderer: NVIDIA GeForce GTX 1060 6GB (ID=0x1c03)
    Vendor:   
    VRAM:     6052 MB
    Driver:   30.0.14.7111
Initialize mono
Mono path[0] = 'C:/Program Files/Unity/Hub/Editor/2020.3.11f1/Editor/Data/Managed'
Mono path[1] = 'C:/Program Files/Unity/Hub/Editor/2020.3.11f1/Editor/Data/MonoBleedingEdge/lib/mono/unityjit'
Mono config path = 'C:/Program Files/Unity/Hub/Editor/2020.3.11f1/Editor/Data/MonoBleedingEdge/etc'
Using monoOptions --debugger-agent=transport=dt_socket,embedding=1,server=y,suspend=n,address=127.0.0.1:56812
Begin MonoManager ReloadAssembly
Registering precompiled unity dll's ...
Register platform support module: C:/Program Files/Unity/Hub/Editor/2020.3.11f1/Editor/Data/PlaybackEngines/WebGLSupport/UnityEditor.WebGL.Extensions.dll
Register platform support module: C:/Program Files/Unity/Hub/Editor/2020.3.11f1/Editor/Data/PlaybackEngines/WindowsStandaloneSupport/UnityEditor.WindowsStandalone.Extensions.dll
Registered in 0.001783 seconds.
Native extension for WindowsStandalone target not found
Native extension for WebGL target not found
Refreshing native plugins compatible for Editor in 47.47 ms, found 3 plugins.
Preloading 0 native plugins for Editor in 0.00 ms.
Mono: successfully reloaded assembly
- Completed reload, in  1.694 seconds
Platform modules already initialized, skipping
Registering precompiled user dll's ...
Registered in 0.002894 seconds.
Begin MonoManager ReloadAssembly
Native extension for WindowsStandalone target not found
Native extension for WebGL target not found
Refreshing native plugins compatible for Editor in 46.35 ms, found 3 plugins.
Preloading 0 native plugins for Editor in 0.00 ms.
Mono: successfully reloaded assembly
- Completed reload, in  1.244 seconds
Platform modules already initialized, skipping
========================================================================
Worker process is ready to serve import requests
Launched and connected shader compiler UnityShaderCompiler.exe after 0.05 seconds
Refreshing native plugins compatible for Editor in 0.53 ms, found 3 plugins.
Preloading 0 native plugins for Editor in 0.00 ms.
Unloading 2555 Unused Serialized files (Serialized files now loaded: 0)
System memory in use before: 110.6 MB.
System memory in use after: 110.7 MB.

Unloading 35 unused Assets to reduce memory usage. Loaded Objects now: 2991.
Total: 2.928200 ms (FindLiveObjects: 0.229500 ms CreateObjectMapping: 0.147400 ms MarkObjects: 2.437400 ms  DeleteObjects: 0.112700 ms)

========================================================================
Received Import Request.
  path: Assets/Sprites/ExtraAssets.png
  artifactKey: Guid(fdb089f32e9f7e8499577a91f135acc3) Importer(815301076,1909f56bfc062723c751e8b465ee728b)
Start importing Assets/Sprites/ExtraAssets.png using Guid(fdb089f32e9f7e8499577a91f135acc3) Importer(815301076,1909f56bfc062723c751e8b465ee728b)  -> (artifact id: 'f4f0421cd4663a2f12a7bba52bb15670') in 0.145449 seconds
  Import took 0.160690 seconds .

========================================================================
Received Import Request.
  Time since last request: 20.816132 seconds.
  path: Assets/Sprites/ExtraAssets.png
  artifactKey: Guid(fdb089f32e9f7e8499577a91f135acc3) Importer(815301076,1909f56bfc062723c751e8b465ee728b)
Start importing Assets/Sprites/ExtraAssets.png using Guid(fdb089f32e9f7e8499577a91f135acc3) Importer(815301076,1909f56bfc062723c751e8b465ee728b)  -> (artifact id: '849a18ab11905680a194329d098948b9') in 0.026903 seconds
  Import took 0.051461 seconds .

========================================================================
Received Import Request.
  Time since last request: 274.850316 seconds.
  path: Assets/Scripts/InGameRangem
  artifactKey: Guid(3578ebb40a60e9d4c8d05d624e9305bd) Importer(815301076,1909f56bfc062723c751e8b465ee728b)
Start importing Assets/Scripts/InGameRangem using Guid(3578ebb40a60e9d4c8d05d624e9305bd) Importer(815301076,1909f56bfc062723c751e8b465ee728b)  -> (artifact id: '592188d2e5b2557a19e3aa46ed80a5a1') in 0.012436 seconds
  Import took 0.016938 seconds .

========================================================================
Received Import Request.
  Time since last request: 41.689118 seconds.
  path: Assets/Scripts/InGameRangem/RandomRot.cs
  artifactKey: Guid(38e0eb5f539ba0f45a41bc42f470ac0a) Importer(815301076,1909f56bfc062723c751e8b465ee728b)
Start importing Assets/Scripts/InGameRangem/RandomRot.cs using Guid(38e0eb5f539ba0f45a41bc42f470ac0a) Importer(815301076,1909f56bfc062723c751e8b465ee728b)  -> (artifact id: '3b5a5039b681f2a37536d648fad7b7dc') in 0.030385 seconds
  Import took 0.037375 seconds .

========================================================================
Received Prepare
Registering precompiled user dll's ...
Registered in 0.006917 seconds.
Begin MonoManager ReloadAssembly
Native extension for WindowsStandalone target not found
Native extension for WebGL target not found
Refreshing native plugins compatible for Editor in 0.48 ms, found 3 plugins.
Preloading 0 native plugins for Editor in 0.00 ms.
Mono: successfully reloaded assembly
- Completed reload, in  2.948 seconds
Platform modules already initialized, skipping
Refreshing native plugins compatible for Editor in 0.48 ms, found 3 plugins.
Preloading 0 native plugins for Editor in 0.00 ms.
Unloading 2547 Unused Serialized files (Serialized files now loaded: 0)
System memory in use before: 113.6 MB.
System memory in use after: 113.7 MB.

Unloading 21 unused Assets to reduce memory usage. Loaded Objects now: 3013.
Total: 3.260500 ms (FindLiveObjects: 0.238800 ms CreateObjectMapping: 0.185200 ms MarkObjects: 2.272500 ms  DeleteObjects: 0.562400 ms)

========================================================================
Received Prepare
Registering precompiled user dll's ...
Registered in 0.004176 seconds.
Begin MonoManager ReloadAssembly
Native extension for WindowsStandalone target not found
Native extension for WebGL target not found
Refreshing native plugins compatible for Editor in 0.46 ms, found 3 plugins.
Preloading 0 native plugins for Editor in 0.00 ms.
Mono: successfully reloaded assembly
- Completed reload, in  1.139 seconds
Platform modules already initialized, skipping
Refreshing native plugins compatible for Editor in 0.49 ms, found 3 plugins.
Preloading 0 native plugins for Editor in 0.00 ms.
Unloading 2547 Unused Serialized files (Serialized files now loaded: 0)
System memory in use before: 113.6 MB.
System memory in use after: 113.7 MB.

Unloading 21 unused Assets to reduce memory usage. Loaded Objects now: 3017.
Total: 2.617200 ms (FindLiveObjects: 0.221300 ms CreateObjectMapping: 0.100800 ms MarkObjects: 2.144900 ms  DeleteObjects: 0.149200 ms)

========================================================================
Received Import Request.
  Time since last request: 510.537318 seconds.
  path: Assets/Scripts/InGameRangem/RandomRot.cs
  artifactKey: Guid(38e0eb5f539ba0f45a41bc42f470ac0a) Importer(815301076,1909f56bfc062723c751e8b465ee728b)
Start importing Assets/Scripts/InGameRangem/RandomRot.cs using Guid(38e0eb5f539ba0f45a41bc42f470ac0a) Importer(815301076,1909f56bfc062723c751e8b465ee728b)  -> (artifact id: '411818dc475bc39c2650a9750dab61b4') in 0.004947 seconds
  Import took 0.009517 seconds .

========================================================================
Received Prepare
Registering precompiled user dll's ...
Registered in 0.003665 seconds.
Begin MonoManager ReloadAssembly
Native extension for WindowsStandalone target not found
Native extension for WebGL target not found
Refreshing native plugins compatible for Editor in 0.57 ms, found 3 plugins.
Preloading 0 native plugins for Editor in 0.00 ms.
Mono: successfully reloaded assembly
- Completed reload, in  1.093 seconds
Platform modules already initialized, skipping
Refreshing native plugins compatible for Editor in 0.47 ms, found 3 plugins.
Preloading 0 native plugins for Editor in 0.00 ms.
Unloading 2547 Unused Serialized files (Serialized files now loaded: 0)
System memory in use before: 113.7 MB.
System memory in use after: 113.8 MB.

Unloading 21 unused Assets to reduce memory usage. Loaded Objects now: 3021.
Total: 2.656900 ms (FindLiveObjects: 0.233900 ms CreateObjectMapping: 0.121500 ms MarkObjects: 2.171700 ms  DeleteObjects: 0.129100 ms)

========================================================================
Received Import Request.
  Time since last request: 24.537528 seconds.
  path: Assets/Scripts/InGameRangem/RandomRot.cs
  artifactKey: Guid(38e0eb5f539ba0f45a41bc42f470ac0a) Importer(815301076,1909f56bfc062723c751e8b465ee728b)
Start importing Assets/Scripts/InGameRangem/RandomRot.cs using Guid(38e0eb5f539ba0f45a41bc42f470ac0a) Importer(815301076,1909f56bfc062723c751e8b465ee728b)  -> (artifact id: '329834d97d146018e1dac9c0d2b32468') in 0.005758 seconds
  Import took 0.009632 seconds .

========================================================================
Received Prepare
Registering precompiled user dll's ...
Registered in 0.003495 seconds.
Begin MonoManager ReloadAssembly
Native extension for WindowsStandalone target not found
Native extension for WebGL target not found
Refreshing native plugins compatible for Editor in 0.48 ms, found 3 plugins.
Preloading 0 native plugins for Editor in 0.00 ms.
Mono: successfully reloaded assembly
- Completed reload, in  1.098 seconds
Platform modules already initialized, skipping
Refreshing native plugins compatible for Editor in 0.51 ms, found 3 plugins.
Preloading 0 native plugins for Editor in 0.00 ms.
Unloading 2547 Unused Serialized files (Serialized files now loaded: 0)
System memory in use before: 113.7 MB.
System memory in use after: 113.8 MB.

Unloading 21 unused Assets to reduce memory usage. Loaded Objects now: 3025.
Total: 2.595100 ms (FindLiveObjects: 0.233300 ms CreateObjectMapping: 0.118400 ms MarkObjects: 2.138800 ms  DeleteObjects: 0.103400 ms)

========================================================================
Received Prepare
Registering precompiled user dll's ...
Registered in 0.002685 seconds.
Begin MonoManager ReloadAssembly
Native extension for WindowsStandalone target not found
Native extension for WebGL target not found
Refreshing native plugins compatible for Editor in 0.46 ms, found 3 plugins.
Preloading 0 native plugins for Editor in 0.00 ms.
Mono: successfully reloaded assembly
- Completed reload, in  1.184 seconds
Platform modules already initialized, skipping
Refreshing native plugins compatible for Editor in 0.49 ms, found 3 plugins.
Preloading 0 native plugins for Editor in 0.00 ms.
Unloading 2547 Unused Serialized files (Serialized files now loaded: 0)
System memory in use before: 113.6 MB.
System memory in use after: 113.7 MB.

Unloading 21 unused Assets to reduce memory usage. Loaded Objects now: 3029.
Total: 2.846100 ms (FindLiveObjects: 0.232200 ms CreateObjectMapping: 0.115500 ms MarkObjects: 2.370300 ms  DeleteObjects: 0.126900 ms)

========================================================================
Received Prepare
Registering precompiled user dll's ...
Registered in 0.003186 seconds.
Begin MonoManager ReloadAssembly
Native extension for WindowsStandalone target not found
Native extension for WebGL target not found
Refreshing native plugins compatible for Editor in 0.48 ms, found 3 plugins.
Preloading 0 native plugins for Editor in 0.00 ms.
Mono: successfully reloaded assembly
- Completed reload, in  1.227 seconds
Platform modules already initialized, skipping
Refreshing native plugins compatible for Editor in 0.48 ms, found 3 plugins.
Preloading 0 native plugins for Editor in 0.00 ms.
Unloading 2547 Unused Serialized files (Serialized files now loaded: 0)
System memory in use before: 113.8 MB.
System memory in use after: 113.9 MB.

Unloading 21 unused Assets to reduce memory usage. Loaded Objects now: 3033.
Total: 3.906800 ms (FindLiveObjects: 1.189100 ms CreateObjectMapping: 0.358500 ms MarkObjects: 2.263900 ms  DeleteObjects: 0.093700 ms)

========================================================================
Received Prepare
Registering precompiled user dll's ...
Registered in 0.003269 seconds.
Begin MonoManager ReloadAssembly
Native extension for WindowsStandalone target not found
Native extension for WebGL target not found
Refreshing native plugins compatible for Editor in 0.48 ms, found 3 plugins.
Preloading 0 native plugins for Editor in 0.00 ms.
Mono: successfully reloaded assembly
- Completed reload, in  1.146 seconds
Platform modules already initialized, skipping
Refreshing native plugins compatible for Editor in 0.51 ms, found 3 plugins.
Preloading 0 native plugins for Editor in 0.00 ms.
Unloading 2547 Unused Serialized files (Serialized files now loaded: 0)
System memory in use before: 113.8 MB.
System memory in use after: 113.9 MB.

Unloading 21 unused Assets to reduce memory usage. Loaded Objects now: 3037.
Total: 3.942400 ms (FindLiveObjects: 0.333100 ms CreateObjectMapping: 0.368800 ms MarkObjects: 3.141800 ms  DeleteObjects: 0.097300 ms)

========================================================================
Received Import Request.
  Time since last request: 4087.376631 seconds.
  path: Assets/Sprites/KeyseIcons.png
  artifactKey: Guid(fb373452840ba4947a5928d3082c3968) Importer(815301076,1909f56bfc062723c751e8b465ee728b)
Start importing Assets/Sprites/KeyseIcons.png using Guid(fb373452840ba4947a5928d3082c3968) Importer(815301076,1909f56bfc062723c751e8b465ee728b)  -> (artifact id: '094fa9954293aef83946dfe68dba56d2') in 0.084552 seconds
  Import took 0.089180 seconds .

========================================================================
Received Import Request.
  Time since last request: 18.943363 seconds.
  path: Assets/Sprites/KeyseIcons.png
  artifactKey: Guid(fb373452840ba4947a5928d3082c3968) Importer(815301076,1909f56bfc062723c751e8b465ee728b)
Start importing Assets/Sprites/KeyseIcons.png using Guid(fb373452840ba4947a5928d3082c3968) Importer(815301076,1909f56bfc062723c751e8b465ee728b)  -> (artifact id: '91ec2be2fb49c048043bdcc2aa688fea') in 0.018062 seconds
  Import took 0.022645 seconds .

========================================================================
Received Import Request.
  Time since last request: 7.765293 seconds.
  path: Assets/Sprites/KeyseIcons.png
  artifactKey: Guid(fb373452840ba4947a5928d3082c3968) Importer(815301076,1909f56bfc062723c751e8b465ee728b)
Start importing Assets/Sprites/KeyseIcons.png using Guid(fb373452840ba4947a5928d3082c3968) Importer(815301076,1909f56bfc062723c751e8b465ee728b)  -> (artifact id: '86523b11c52d430f2b5ae09dc0216c4d') in 0.021252 seconds
  Import took 0.026366 seconds .

========================================================================
Received Import Request.
  Time since last request: 15.116742 seconds.
  path: Assets/Sprites/KeyseIcons.png
  artifactKey: Guid(fb373452840ba4947a5928d3082c3968) Importer(815301076,1909f56bfc062723c751e8b465ee728b)
Start importing Assets/Sprites/KeyseIcons.png using Guid(fb373452840ba4947a5928d3082c3968) Importer(815301076,1909f56bfc062723c751e8b465ee728b)  -> (artifact id: '1be7906d5f2f14086aac3292287d384b') in 0.028216 seconds
  Import took 0.032171 seconds .

========================================================================
Received Import Request.
  Time since last request: 989.625730 seconds.
  path: Assets/Sprites/KeyseIcons.png
  artifactKey: Guid(fb373452840ba4947a5928d3082c3968) Importer(815301076,1909f56bfc062723c751e8b465ee728b)
Start importing Assets/Sprites/KeyseIcons.png using Guid(fb373452840ba4947a5928d3082c3968) Importer(815301076,1909f56bfc062723c751e8b465ee728b)  -> (artifact id: '522c6abb6d46e1495747d5435dcfe561') in 0.026855 seconds
  Import took 0.031800 seconds .

========================================================================
Received Import Request.
  Time since last request: 27.341644 seconds.
  path: Assets/Sprites/KeyseIcons.png
  artifactKey: Guid(fb373452840ba4947a5928d3082c3968) Importer(815301076,1909f56bfc062723c751e8b465ee728b)
Start importing Assets/Sprites/KeyseIcons.png using Guid(fb373452840ba4947a5928d3082c3968) Importer(815301076,1909f56bfc062723c751e8b465ee728b)  -> (artifact id: '3ece7377fb8594b217c7cd1cfd81637b') in 0.037224 seconds
  Import took 0.041784 seconds .

========================================================================
Received Prepare
Registering precompiled user dll's ...
Registered in 0.142441 seconds.
Begin MonoManager ReloadAssembly
Native extension for WindowsStandalone target not found
Native extension for WebGL target not found
Refreshing native plugins compatible for Editor in 0.47 ms, found 3 plugins.
Preloading 0 native plugins for Editor in 0.00 ms.
Mono: successfully reloaded assembly
- Completed reload, in  1.156 seconds
Platform modules already initialized, skipping
Refreshing native plugins compatible for Editor in 1.08 ms, found 3 plugins.
Preloading 0 native plugins for Editor in 0.00 ms.
Unloading 2547 Unused Serialized files (Serialized files now loaded: 0)
System memory in use before: 113.8 MB.
System memory in use after: 113.9 MB.

Unloading 21 unused Assets to reduce memory usage. Loaded Objects now: 3047.
Total: 3.110500 ms (FindLiveObjects: 0.248000 ms CreateObjectMapping: 0.122200 ms MarkObjects: 2.383800 ms  DeleteObjects: 0.354900 ms)

========================================================================
Received Import Request.
  Time since last request: 475.334806 seconds.
  path: Packages/com.unity.textmeshpro/Scripts/Runtime/Unity.TextMeshPro.asmdef
  artifactKey: Guid(6055be8ebefd69e48b49212b09b47b2f) Importer(815301076,1909f56bfc062723c751e8b465ee728b)
Start importing Packages/com.unity.textmeshpro/Scripts/Runtime/Unity.TextMeshPro.asmdef using Guid(6055be8ebefd69e48b49212b09b47b2f) Importer(815301076,1909f56bfc062723c751e8b465ee728b)  -> (artifact id: '71b4ed3155f5785b2abc718f467e9850') in 0.028503 seconds
  Import took 0.043298 seconds .

========================================================================
Received Import Request.
  Time since last request: 1.401278 seconds.
  path: Packages/com.unity.textmeshpro/Scripts/Editor/Unity.TextMeshPro.Editor.asmdef
  artifactKey: Guid(6546d7765b4165b40850b3667f981c26) Importer(815301076,1909f56bfc062723c751e8b465ee728b)
Start importing Packages/com.unity.textmeshpro/Scripts/Editor/Unity.TextMeshPro.Editor.asmdef using Guid(6546d7765b4165b40850b3667f981c26) Importer(815301076,1909f56bfc062723c751e8b465ee728b)  -> (artifact id: 'b60394d5af40b20470b79c4c7bfd8efc') in 0.036364 seconds
  Import took 0.040630 seconds .

========================================================================
Received Import Request.
  Time since last request: 3.100351 seconds.
  path: Packages/com.unity.textmeshpro/Tests/Runtime/Unity.TextMeshPro.Tests.asmdef
  artifactKey: Guid(bb05cab7d802aa5468f8f2f86840d984) Importer(815301076,1909f56bfc062723c751e8b465ee728b)
Start importing Packages/com.unity.textmeshpro/Tests/Runtime/Unity.TextMeshPro.Tests.asmdef using Guid(bb05cab7d802aa5468f8f2f86840d984) Importer(815301076,1909f56bfc062723c751e8b465ee728b)  -> (artifact id: 'ad56c9a1c9231b6e39dfdabf47fcbd7c') in 0.073424 seconds
  Import took 0.078817 seconds .

========================================================================
Received Import Request.
  Time since last request: 0.485493 seconds.
  path: Packages/com.unity.textmeshpro/Tests/Editor/Unity.TextMeshPro.Editor.Tests.asmdef
  artifactKey: Guid(656e461844099ae43a609ff6109b0877) Importer(815301076,1909f56bfc062723c751e8b465ee728b)
Start importing Packages/com.unity.textmeshpro/Tests/Editor/Unity.TextMeshPro.Editor.Tests.asmdef using Guid(656e461844099ae43a609ff6109b0877) Importer(815301076,1909f56bfc062723c751e8b465ee728b)  -> (artifact id: 'c6492af72c312e8096a8673e2674997d') in 0.013473 seconds
  Import took 0.017611 seconds .

========================================================================
Received Import Request.
  Time since last request: 7.194780 seconds.
  path: Packages/com.unity.textmeshpro/Editor Resources/Textures/btn_AlignBaseLine.psd
  artifactKey: Guid(8bc445bb79654bf496c92d0407840a92) Importer(815301076,1909f56bfc062723c751e8b465ee728b)
Start importing Packages/com.unity.textmeshpro/Editor Resources/Textures/btn_AlignBaseLine.psd using Guid(8bc445bb79654bf496c92d0407840a92) Importer(815301076,1909f56bfc062723c751e8b465ee728b)  -> (artifact id: '7357f28f43c0526a211b844ba791d3eb') in 0.109500 seconds
  Import took 0.113680 seconds .

========================================================================
Received Import Request.
  Time since last request: 0.000252 seconds.
  path: Packages/com.unity.textmeshpro/Editor Resources/Textures/SectionHeader_Light.psd
  artifactKey: Guid(e3b0f810fdea84e40ab4ba20f256f7e8) Importer(815301076,1909f56bfc062723c751e8b465ee728b)
Start importing Packages/com.unity.textmeshpro/Editor Resources/Textures/SectionHeader_Light.psd using Guid(e3b0f810fdea84e40ab4ba20f256f7e8) Importer(815301076,1909f56bfc062723c751e8b465ee728b)  -> (artifact id: '13a5b95bbe64a6333207d7be03b9c16d') in 0.039519 seconds
  Import took 0.063174 seconds .

========================================================================
Received Import Request.
  Time since last request: 0.000260 seconds.
  path: Packages/com.unity.textmeshpro/Editor Resources/Textures/btn_AlignMidline_Light.psd
  artifactKey: Guid(bb42b2d967d6427983c901a4ffc8ecd9) Importer(815301076,1909f56bfc062723c751e8b465ee728b)
Start importing Packages/com.unity.textmeshpro/Editor Resources/Textures/btn_AlignMidline_Light.psd using Guid(bb42b2d967d6427983c901a4ffc8ecd9) Importer(815301076,1909f56bfc062723c751e8b465ee728b)  -> (artifact id: '5fed09cb1c96de6265de1196df7f425b') in 0.051405 seconds
  Import took 0.054627 seconds .

========================================================================
Received Import Request.
  Time since last request: 0.000280 seconds.
  path: Packages/com.unity.textmeshpro/Editor Resources/Textures/btn_AlignBaseLine_Light.psd
  artifactKey: Guid(18775b51e3bd42299fd30bd036ea982f) Importer(815301076,1909f56bfc062723c751e8b465ee728b)
Start importing Packages/com.unity.textmeshpro/Editor Resources/Textures/btn_AlignBaseLine_Light.psd using Guid(18775b51e3bd42299fd30bd036ea982f) Importer(815301076,1909f56bfc062723c751e8b465ee728b)  -> (artifact id: '633c128230dd65edd71219b64727c0ca') in 0.050878 seconds
  Import took 0.054869 seconds .

========================================================================
Received Import Request.
  Time since last request: 0.000313 seconds.
  path: Packages/com.unity.textmeshpro/Editor Resources/Textures/btn_AlignLeft.psd
  artifactKey: Guid(9288066c33474b94b6ee5465f4df1cc0) Importer(815301076,1909f56bfc062723c751e8b465ee728b)
Start importing Packages/com.unity.textmeshpro/Editor Resources/Textures/btn_AlignLeft.psd using Guid(9288066c33474b94b6ee5465f4df1cc0) Importer(815301076,1909f56bfc062723c751e8b465ee728b)  -> (artifact id: '62dc3e5937843892c2c84456db69b25d') in 0.042732 seconds
  Import took 0.046861 seconds .

========================================================================
Received Import Request.
  Time since last request: 0.000280 seconds.
  path: Packages/com.unity.textmeshpro/Editor Resources/Textures/SectionHeader_Dark.psd
  artifactKey: Guid(fb5730e24283d0c489e5c7d0bee023d9) Importer(815301076,1909f56bfc062723c751e8b465ee728b)
Start importing Packages/com.unity.textmeshpro/Editor Resources/Textures/SectionHeader_Dark.psd using Guid(fb5730e24283d0c489e5c7d0bee023d9) Importer(815301076,1909f56bfc062723c751e8b465ee728b)  -> (artifact id: 'a43be26aeac205ef150ee15e6013c7b8') in 0.028192 seconds
  Import took 0.031936 seconds .

========================================================================
Received Import Request.
  Time since last request: 0.000328 seconds.
  path: Packages/com.unity.textmeshpro/Editor Resources/Textures/btn_AlignCapLine.psd
  artifactKey: Guid(0d9a36012a224080966c7b55896aa0f9) Importer(815301076,1909f56bfc062723c751e8b465ee728b)
Start importing Packages/com.unity.textmeshpro/Editor Resources/Textures/btn_AlignCapLine.psd using Guid(0d9a36012a224080966c7b55896aa0f9) Importer(815301076,1909f56bfc062723c751e8b465ee728b)  -> (artifact id: '3b1e2320c4b78815b8c21ff039181187') in 0.052439 seconds
  Import took 0.055867 seconds .

========================================================================
Received Import Request.
  Time since last request: 0.000246 seconds.
  path: Packages/com.unity.textmeshpro/Editor Resources/Textures/btn_AlignRight_Light.psd
  artifactKey: Guid(e05ace3bd15740cda0bad60d89092a5b) Importer(815301076,1909f56bfc062723c751e8b465ee728b)
Start importing Packages/com.unity.textmeshpro/Editor Resources/Textures/btn_AlignRight_Light.psd using Guid(e05ace3bd15740cda0bad60d89092a5b) Importer(815301076,1909f56bfc062723c751e8b465ee728b)  -> (artifact id: '4772f5132af1c7e6fd51c0d05a0e1ad1') in 0.039722 seconds
  Import took 0.043687 seconds .

========================================================================
Received Import Request.
  Time since last request: 0.000321 seconds.
  path: Packages/com.unity.textmeshpro/Editor Resources/Textures/btn_AlignJustified.psd
  artifactKey: Guid(92027f7f8cfc4feaa477da0dc38d3d46) Importer(815301076,1909f56bfc062723c751e8b465ee728b)
Start importing Packages/com.unity.textmeshpro/Editor Resources/Textures/btn_AlignJustified.psd using Guid(92027f7f8cfc4feaa477da0dc38d3d46) Importer(815301076,1909f56bfc062723c751e8b465ee728b)  -> (artifact id: '88eef17672ad372e2324d1e553fb607e') in 0.055167 seconds
  Import took 0.059001 seconds .

========================================================================
Received Import Request.
  Time since last request: 0.000269 seconds.
  path: Packages/com.unity.textmeshpro/Editor Resources/Textures/btn_AlignFlush_Light.psd
  artifactKey: Guid(64b9fad609434c489c32b1cdf2004a1c) Importer(815301076,1909f56bfc062723c751e8b465ee728b)
Start importing Packages/com.unity.textmeshpro/Editor Resources/Textures/btn_AlignFlush_Light.psd using Guid(64b9fad609434c489c32b1cdf2004a1c) Importer(815301076,1909f56bfc062723c751e8b465ee728b)  -> (artifact id: '40df2ce8ead2376e4e1692d8b7183a0f') in 0.027310 seconds
  Import took 0.031081 seconds .

========================================================================
Received Import Request.
  Time since last request: 0.000284 seconds.
  path: Packages/com.unity.textmeshpro/Editor Resources/Textures/btn_AlignCenterGeo.psd
  artifactKey: Guid(c76700ea0062413d9f69409b4e9e151b) Importer(815301076,1909f56bfc062723c751e8b465ee728b)
Start importing Packages/com.unity.textmeshpro/Editor Resources/Textures/btn_AlignCenterGeo.psd using Guid(c76700ea0062413d9f69409b4e9e151b) Importer(815301076,1909f56bfc062723c751e8b465ee728b)  -> (artifact id: '75e73d85ef0e0c060f23d1a1f75a4614') in 0.049178 seconds
  Import took 0.053061 seconds .

========================================================================
Received Import Request.
  Time since last request: 0.000237 seconds.
  path: Packages/com.unity.textmeshpro/Editor Resources/Textures/btn_AlignFlush.psd
  artifactKey: Guid(691475c57a824010be0c6f474caeb7e1) Importer(815301076,1909f56bfc062723c751e8b465ee728b)
Start importing Packages/com.unity.textmeshpro/Editor Resources/Textures/btn_AlignFlush.psd using Guid(691475c57a824010be0c6f474caeb7e1) Importer(815301076,1909f56bfc062723c751e8b465ee728b)  -> (artifact id: 'd247c4f0b1d0cddedcebb838ad6dbaaf') in 0.042572 seconds
  Import took 0.045936 seconds .

========================================================================
Received Import Request.
  Time since last request: 0.000230 seconds.
  path: Packages/com.unity.textmeshpro/Editor Resources/Textures/btn_AlignBottom.psd
  artifactKey: Guid(ca51b19024094d1b87f3e07edb0a75fb) Importer(815301076,1909f56bfc062723c751e8b465ee728b)
Start importing Packages/com.unity.textmeshpro/Editor Resources/Textures/btn_AlignBottom.psd using Guid(ca51b19024094d1b87f3e07edb0a75fb) Importer(815301076,1909f56bfc062723c751e8b465ee728b)  -> (artifact id: '04523af2aeb3be0a322de57cd8995ba7') in 0.023217 seconds
  Import took 0.044703 seconds .

========================================================================
Received Import Request.
  Time since last request: 0.000219 seconds.
  path: Packages/com.unity.textmeshpro/Editor Resources/Textures/btn_AlignMidLine.psd
  artifactKey: Guid(c2f7f6a88b4c4f20a53deb72f3d9144c) Importer(815301076,1909f56bfc062723c751e8b465ee728b)
Start importing Packages/com.unity.textmeshpro/Editor Resources/Textures/btn_AlignMidLine.psd using Guid(c2f7f6a88b4c4f20a53deb72f3d9144c) Importer(815301076,1909f56bfc062723c751e8b465ee728b)  -> (artifact id: '5da461f005791a1fad92f877f5d40f6f') in 0.059895 seconds
  Import took 0.063129 seconds .

========================================================================
Received Import Request.
  Time since last request: 0.000236 seconds.
  path: Packages/com.unity.textmeshpro/Editor Resources/Textures/btn_AlignLeft_Light.psd
  artifactKey: Guid(12736c98af174f91827a26b66d2b01b9) Importer(815301076,1909f56bfc062723c751e8b465ee728b)
Start importing Packages/com.unity.textmeshpro/Editor Resources/Textures/btn_AlignLeft_Light.psd using Guid(12736c98af174f91827a26b66d2b01b9) Importer(815301076,1909f56bfc062723c751e8b465ee728b)  -> (artifact id: 'dcf60b1334925257bea3cad348730fc4') in 0.027219 seconds
  Import took 0.030632 seconds .

========================================================================
Received Import Request.
  Time since last request: 0.000266 seconds.
  path: Packages/com.unity.textmeshpro/Editor Resources/Textures/btn_AlignCenter.psd
  artifactKey: Guid(81ed8c76d2bc4a4c95d092c98af4e58f) Importer(815301076,1909f56bfc062723c751e8b465ee728b)
Start importing Packages/com.unity.textmeshpro/Editor Resources/Textures/btn_AlignCenter.psd using Guid(81ed8c76d2bc4a4c95d092c98af4e58f) Importer(815301076,1909f56bfc062723c751e8b465ee728b)  -> (artifact id: '08b65032cf944f91dee952901c4484ca') in 0.041631 seconds
  Import took 0.045424 seconds .

========================================================================
Received Import Request.
  Time since last request: 0.000277 seconds.
  path: Packages/com.unity.textmeshpro/Editor Resources/Textures/btn_AlignCenterGeo_Light.psd
  artifactKey: Guid(35ff0937876540d3bd4b6a941df62a92) Importer(815301076,1909f56bfc062723c751e8b465ee728b)
Start importing Packages/com.unity.textmeshpro/Editor Resources/Textures/btn_AlignCenterGeo_Light.psd using Guid(35ff0937876540d3bd4b6a941df62a92) Importer(815301076,1909f56bfc062723c751e8b465ee728b)  -> (artifact id: '5af7e1874d9f45d33675d9d02e0db557') in 0.042273 seconds
  Import took 0.045686 seconds .

========================================================================
Received Import Request.
  Time since last request: 0.000263 seconds.
  path: Packages/com.unity.textmeshpro/Editor Resources/Textures/btn_AlignTop_Light.psd
  artifactKey: Guid(ed041e68439749a69d0efa0e3d896c2e) Importer(815301076,1909f56bfc062723c751e8b465ee728b)
Start importing Packages/com.unity.textmeshpro/Editor Resources/Textures/btn_AlignTop_Light.psd using Guid(ed041e68439749a69d0efa0e3d896c2e) Importer(815301076,1909f56bfc062723c751e8b465ee728b)  -> (artifact id: '1f5d62fab3a3e3acd6e463abb66f3361') in 0.042618 seconds
  Import took 0.045842 seconds .

========================================================================
Received Import Request.
  Time since last request: 0.000297 seconds.
  path: Packages/com.unity.textmeshpro/Editor Resources/Textures/btn_AlignCenter_Light.psd
  artifactKey: Guid(6ace62d30f494c948b71d5594afce11d) Importer(815301076,1909f56bfc062723c751e8b465ee728b)
Start importing Packages/com.unity.textmeshpro/Editor Resources/Textures/btn_AlignCenter_Light.psd using Guid(6ace62d30f494c948b71d5594afce11d) Importer(815301076,1909f56bfc062723c751e8b465ee728b)  -> (artifact id: 'ddc1b025f9f6dd963f126fba6a803bed') in 0.049670 seconds
  Import took 0.052944 seconds .

========================================================================
Received Import Request.
  Time since last request: 0.000272 seconds.
  path: Packages/com.unity.textmeshpro/Editor Resources/Textures/btn_AlignBottom_Light.psd
  artifactKey: Guid(585b70cb75dd43efbfead809c30a1731) Importer(815301076,1909f56bfc062723c751e8b465ee728b)
Start importing Packages/com.unity.textmeshpro/Editor Resources/Textures/btn_AlignBottom_Light.psd using Guid(585b70cb75dd43efbfead809c30a1731) Importer(815301076,1909f56bfc062723c751e8b465ee728b)  -> (artifact id: 'a079342de24d14c65f157b6c7e0ae6f7') in 0.031564 seconds
  Import took 0.034851 seconds .

========================================================================
Received Import Request.
  Time since last request: 0.000259 seconds.
  path: Packages/com.unity.textmeshpro/Editor Resources/Textures/btn_AlignRight.psd
  artifactKey: Guid(342a0f8aca7f4f0691338912faec0494) Importer(815301076,1909f56bfc062723c751e8b465ee728b)
Start importing Packages/com.unity.textmeshpro/Editor Resources/Textures/btn_AlignRight.psd using Guid(342a0f8aca7f4f0691338912faec0494) Importer(815301076,1909f56bfc062723c751e8b465ee728b)  -> (artifact id: '1985abddfd9bb7a67d9bc9dc1d55e266') in 0.046760 seconds
  Import took 0.051732 seconds .

========================================================================
Received Import Request.
  Time since last request: 0.000253 seconds.
  path: Packages/com.unity.textmeshpro/Editor Resources/Textures/btn_AlignTop.psd
  artifactKey: Guid(48d034c499ee4697af9dd6e327110249) Importer(815301076,1909f56bfc062723c751e8b465ee728b)
Start importing Packages/com.unity.textmeshpro/Editor Resources/Textures/btn_AlignTop.psd using Guid(48d034c499ee4697af9dd6e327110249) Importer(815301076,1909f56bfc062723c751e8b465ee728b)  -> (artifact id: '590d62a99df4b6d90eb71fde58ab8f4d') in 0.059803 seconds
  Import took 0.063289 seconds .

========================================================================
Received Import Request.
  Time since last request: 0.000265 seconds.
  path: Packages/com.unity.textmeshpro/Editor Resources/Textures/btn_AlignMiddle_Light.psd
  artifactKey: Guid(066619c9c9c84f89acb1b48c11a7efe2) Importer(815301076,1909f56bfc062723c751e8b465ee728b)
Start importing Packages/com.unity.textmeshpro/Editor Resources/Textures/btn_AlignMiddle_Light.psd using Guid(066619c9c9c84f89acb1b48c11a7efe2) Importer(815301076,1909f56bfc062723c751e8b465ee728b)  -> (artifact id: '132a1ed4d7c735ea2f3bd7d592f2aadc') in 0.028033 seconds
  Import took 0.031892 seconds .

========================================================================
Received Import Request.
  Time since last request: 0.000242 seconds.
  path: Packages/com.unity.textmeshpro/Editor Resources/Textures/btn_AlignCapLine_Light.psd
  artifactKey: Guid(49679f302ac6408697f6b9314a38985c) Importer(815301076,1909f56bfc062723c751e8b465ee728b)
Start importing Packages/com.unity.textmeshpro/Editor Resources/Textures/btn_AlignCapLine_Light.psd using Guid(49679f302ac6408697f6b9314a38985c) Importer(815301076,1909f56bfc062723c751e8b465ee728b)  -> (artifact id: 'ba262f6c54a6ef3152a07427159dbd1b') in 0.028638 seconds
  Import took 0.031979 seconds .

========================================================================
Received Import Request.
  Time since last request: 0.000264 seconds.
  path: Packages/com.unity.textmeshpro/Editor Resources/Textures/btn_AlignJustified_Light.psd
  artifactKey: Guid(fa6bd40a216346b783a4cce741d277a5) Importer(815301076,1909f56bfc062723c751e8b465ee728b)
Start importing Packages/com.unity.textmeshpro/Editor Resources/Textures/btn_AlignJustified_Light.psd using Guid(fa6bd40a216346b783a4cce741d277a5) Importer(815301076,1909f56bfc062723c751e8b465ee728b)  -> (artifact id: '3495a4f3a49c42634a5695b8540d6fab') in 0.027723 seconds
  Import took 0.041762 seconds .

========================================================================
Received Import Request.
  Time since last request: 0.000263 seconds.
  path: Packages/com.unity.textmeshpro/Editor Resources/Textures/btn_AlignMiddle.psd
  artifactKey: Guid(41b96614b2e6494ba995ddcd252d11ae) Importer(815301076,1909f56bfc062723c751e8b465ee728b)
Start importing Packages/com.unity.textmeshpro/Editor Resources/Textures/btn_AlignMiddle.psd using Guid(41b96614b2e6494ba995ddcd252d11ae) Importer(815301076,1909f56bfc062723c751e8b465ee728b)  -> (artifact id: '7f9d1e23908e8922585aa890f966e4c5') in 0.061510 seconds
  Import took 0.079593 seconds .

========================================================================
Received Prepare
Registering precompiled user dll's ...
Registered in 0.002818 seconds.
Begin MonoManager ReloadAssembly
Native extension for WindowsStandalone target not found
Native extension for WebGL target not found
Refreshing native plugins compatible for Editor in 0.49 ms, found 3 plugins.
Preloading 0 native plugins for Editor in 0.00 ms.
Mono: successfully reloaded assembly
- Completed reload, in  1.493 seconds
Platform modules already initialized, skipping
Refreshing native plugins compatible for Editor in 0.47 ms, found 3 plugins.
Preloading 0 native plugins for Editor in 0.00 ms.
Unloading 2547 Unused Serialized files (Serialized files now loaded: 0)
System memory in use before: 113.8 MB.
System memory in use after: 113.9 MB.

Unloading 21 unused Assets to reduce memory usage. Loaded Objects now: 3053.
Total: 2.507800 ms (FindLiveObjects: 0.266800 ms CreateObjectMapping: 0.150300 ms MarkObjects: 1.987200 ms  DeleteObjects: 0.102500 ms)

========================================================================
Received Prepare
Registering precompiled user dll's ...
Registered in 0.003074 seconds.
Begin MonoManager ReloadAssembly
Native extension for WindowsStandalone target not found
Native extension for WebGL target not found
Refreshing native plugins compatible for Editor in 0.50 ms, found 3 plugins.
Preloading 0 native plugins for Editor in 0.00 ms.
Mono: successfully reloaded assembly
- Completed reload, in  1.129 seconds
Platform modules already initialized, skipping
Refreshing native plugins compatible for Editor in 0.50 ms, found 3 plugins.
Preloading 0 native plugins for Editor in 0.00 ms.
Unloading 2594 Unused Serialized files (Serialized files now loaded: 0)
System memory in use before: 116.8 MB.
System memory in use after: 116.3 MB.

Unloading 34 unused Assets to reduce memory usage. Loaded Objects now: 3091.
Total: 3.940600 ms (FindLiveObjects: 0.220100 ms CreateObjectMapping: 0.100200 ms MarkObjects: 3.268000 ms  DeleteObjects: 0.351400 ms)

========================================================================
Received Prepare
Registering precompiled user dll's ...
Registered in 0.002766 seconds.
Begin MonoManager ReloadAssembly
Native extension for WindowsStandalone target not found
Native extension for WebGL target not found
Refreshing native plugins compatible for Editor in 0.67 ms, found 3 plugins.
Preloading 0 native plugins for Editor in 0.00 ms.
Mono: successfully reloaded assembly
- Completed reload, in  1.110 seconds
Platform modules already initialized, skipping
Refreshing native plugins compatible for Editor in 0.51 ms, found 3 plugins.
Preloading 0 native plugins for Editor in 0.00 ms.
Unloading 2594 Unused Serialized files (Serialized files now loaded: 0)
System memory in use before: 116.9 MB.
System memory in use after: 116.4 MB.

Unloading 34 unused Assets to reduce memory usage. Loaded Objects now: 3095.
Total: 2.829800 ms (FindLiveObjects: 0.228400 ms CreateObjectMapping: 0.110100 ms MarkObjects: 2.119800 ms  DeleteObjects: 0.370600 ms)

========================================================================
Received Prepare
Registering precompiled user dll's ...
Registered in 0.002733 seconds.
Begin MonoManager ReloadAssembly
Native extension for WindowsStandalone target not found
Native extension for WebGL target not found
Refreshing native plugins compatible for Editor in 0.48 ms, found 3 plugins.
Preloading 0 native plugins for Editor in 0.00 ms.
Mono: successfully reloaded assembly
- Completed reload, in  1.055 seconds
Platform modules already initialized, skipping
Refreshing native plugins compatible for Editor in 0.50 ms, found 3 plugins.
Preloading 0 native plugins for Editor in 0.00 ms.
Unloading 2594 Unused Serialized files (Serialized files now loaded: 0)
System memory in use before: 116.9 MB.
System memory in use after: 116.4 MB.

Unloading 34 unused Assets to reduce memory usage. Loaded Objects now: 3099.
Total: 5.072800 ms (FindLiveObjects: 0.247500 ms CreateObjectMapping: 0.121200 ms MarkObjects: 4.336800 ms  DeleteObjects: 0.366200 ms)

========================================================================
Received Prepare
Registering precompiled user dll's ...
Registered in 0.004151 seconds.
Begin MonoManager ReloadAssembly
Native extension for WindowsStandalone target not found
Native extension for WebGL target not found
Refreshing native plugins compatible for Editor in 0.53 ms, found 3 plugins.
Preloading 0 native plugins for Editor in 0.00 ms.
Mono: successfully reloaded assembly
- Completed reload, in  1.534 seconds
Platform modules already initialized, skipping
Refreshing native plugins compatible for Editor in 0.97 ms, found 3 plugins.
Preloading 0 native plugins for Editor in 0.00 ms.
Unloading 2594 Unused Serialized files (Serialized files now loaded: 0)
System memory in use before: 116.9 MB.
System memory in use after: 116.4 MB.

Unloading 34 unused Assets to reduce memory usage. Loaded Objects now: 3103.
Total: 3.909600 ms (FindLiveObjects: 0.253100 ms CreateObjectMapping: 0.142900 ms MarkObjects: 2.939300 ms  DeleteObjects: 0.572500 ms)

========================================================================
Received Prepare
Registering precompiled user dll's ...
Registered in 0.002856 seconds.
Begin MonoManager ReloadAssembly
Native extension for WindowsStandalone target not found
Native extension for WebGL target not found
Refreshing native plugins compatible for Editor in 0.48 ms, found 3 plugins.
Preloading 0 native plugins for Editor in 0.00 ms.
Mono: successfully reloaded assembly
- Completed reload, in  1.048 seconds
Platform modules already initialized, skipping
Refreshing native plugins compatible for Editor in 0.49 ms, found 3 plugins.
Preloading 0 native plugins for Editor in 0.00 ms.
Unloading 2594 Unused Serialized files (Serialized files now loaded: 0)
System memory in use before: 116.9 MB.
System memory in use after: 116.4 MB.

Unloading 34 unused Assets to reduce memory usage. Loaded Objects now: 3107.
Total: 2.796700 ms (FindLiveObjects: 0.248400 ms CreateObjectMapping: 0.123200 ms MarkObjects: 2.065500 ms  DeleteObjects: 0.358100 ms)

========================================================================
Received Prepare
Registering precompiled user dll's ...
Registered in 0.003896 seconds.
Begin MonoManager ReloadAssembly
Native extension for WindowsStandalone target not found
Native extension for WebGL target not found
Refreshing native plugins compatible for Editor in 0.48 ms, found 3 plugins.
Preloading 0 native plugins for Editor in 0.00 ms.
Mono: successfully reloaded assembly
- Completed reload, in  1.134 seconds
Platform modules already initialized, skipping
Refreshing native plugins compatible for Editor in 0.49 ms, found 3 plugins.
Preloading 0 native plugins for Editor in 0.00 ms.
Unloading 2594 Unused Serialized files (Serialized files now loaded: 0)
System memory in use before: 116.9 MB.
System memory in use after: 116.4 MB.

Unloading 34 unused Assets to reduce memory usage. Loaded Objects now: 3111.
Total: 2.909900 ms (FindLiveObjects: 0.332400 ms CreateObjectMapping: 0.113500 ms MarkObjects: 2.085800 ms  DeleteObjects: 0.377400 ms)

========================================================================
Received Prepare
Registering precompiled user dll's ...
Registered in 0.115288 seconds.
Begin MonoManager ReloadAssembly
Native extension for WindowsStandalone target not found
Native extension for WebGL target not found
Refreshing native plugins compatible for Editor in 0.67 ms, found 3 plugins.
Preloading 0 native plugins for Editor in 0.00 ms.
Mono: successfully reloaded assembly
- Completed reload, in  1.222 seconds
Platform modules already initialized, skipping
Refreshing native plugins compatible for Editor in 0.63 ms, found 3 plugins.
Preloading 0 native plugins for Editor in 0.00 ms.
Unloading 2594 Unused Serialized files (Serialized files now loaded: 0)
System memory in use before: 116.9 MB.
System memory in use after: 116.4 MB.

Unloading 34 unused Assets to reduce memory usage. Loaded Objects now: 3115.
Total: 3.874500 ms (FindLiveObjects: 0.228400 ms CreateObjectMapping: 0.103600 ms MarkObjects: 3.157400 ms  DeleteObjects: 0.384200 ms)

========================================================================
Received Prepare
Registering precompiled user dll's ...
Registered in 0.002779 seconds.
Begin MonoManager ReloadAssembly
Native extension for WindowsStandalone target not found
Native extension for WebGL target not found
Refreshing native plugins compatible for Editor in 0.48 ms, found 3 plugins.
Preloading 0 native plugins for Editor in 0.00 ms.
Mono: successfully reloaded assembly
- Completed reload, in  1.084 seconds
Platform modules already initialized, skipping
Refreshing native plugins compatible for Editor in 0.48 ms, found 3 plugins.
Preloading 0 native plugins for Editor in 0.00 ms.
Unloading 2594 Unused Serialized files (Serialized files now loaded: 0)
System memory in use before: 116.9 MB.
System memory in use after: 116.4 MB.

Unloading 34 unused Assets to reduce memory usage. Loaded Objects now: 3119.
Total: 2.991300 ms (FindLiveObjects: 0.247700 ms CreateObjectMapping: 0.112700 ms MarkObjects: 2.244200 ms  DeleteObjects: 0.385600 ms)

========================================================================
Received Import Request.
  Time since last request: 10910.793018 seconds.
  path: Assets/Settings/PlayerControles.inputactions
  artifactKey: Guid(8b758d0f2e651944c8baf5f505d9afce) Importer(815301076,1909f56bfc062723c751e8b465ee728b)
Start importing Assets/Settings/PlayerControles.inputactions using Guid(8b758d0f2e651944c8baf5f505d9afce) Importer(815301076,1909f56bfc062723c751e8b465ee728b)  -> (artifact id: '45470ac00b174dd4d6693c07b354ff4b') in 0.056347 seconds
  Import took 0.076911 seconds .

========================================================================
Received Import Request.
  Time since last request: 0.086572 seconds.
  path: Assets/Settings/PlayerControles.inputactions
  artifactKey: Guid(8b758d0f2e651944c8baf5f505d9afce) Importer(815301076,1909f56bfc062723c751e8b465ee728b)
Start importing Assets/Settings/PlayerControles.inputactions using Guid(8b758d0f2e651944c8baf5f505d9afce) Importer(815301076,1909f56bfc062723c751e8b465ee728b)  -> (artifact id: '45470ac00b174dd4d6693c07b354ff4b') in 0.003619 seconds
  Import took 0.033427 seconds .

========================================================================
Received Prepare
Registering precompiled user dll's ...
Registered in 0.004327 seconds.
Begin MonoManager ReloadAssembly
Native extension for WindowsStandalone target not found
Native extension for WebGL target not found
Refreshing native plugins compatible for Editor in 0.84 ms, found 3 plugins.
Preloading 0 native plugins for Editor in 0.00 ms.
Mono: successfully reloaded assembly
- Completed reload, in  1.823 seconds
Platform modules already initialized, skipping
Refreshing native plugins compatible for Editor in 0.54 ms, found 3 plugins.
Preloading 0 native plugins for Editor in 0.00 ms.
Unloading 2594 Unused Serialized files (Serialized files now loaded: 0)
System memory in use before: 116.9 MB.
System memory in use after: 116.3 MB.

Unloading 34 unused Assets to reduce memory usage. Loaded Objects now: 3123.
Total: 2.690200 ms (FindLiveObjects: 0.268200 ms CreateObjectMapping: 0.145700 ms MarkObjects: 1.919500 ms  DeleteObjects: 0.355500 ms)

========================================================================
Received Import Request.
  Time since last request: 114.568746 seconds.
  path: Assets/Materials/Physics Materials/PlayerBoddy.physicsMaterial2D
  artifactKey: Guid(a0724beafacec4a44a4bfd25e1ff3f74) Importer(815301076,1909f56bfc062723c751e8b465ee728b)
Start importing Assets/Materials/Physics Materials/PlayerBoddy.physicsMaterial2D using Guid(a0724beafacec4a44a4bfd25e1ff3f74) Importer(815301076,1909f56bfc062723c751e8b465ee728b)  -> (artifact id: '462367145b238582a151364f88dbadbd') in 0.033027 seconds
  Import took 0.097264 seconds .

========================================================================
Received Import Request.
  Time since last request: 0.001133 seconds.
  path: Assets/Materials/Physics Materials/PlayerBoddy.physicsMaterial2D
  artifactKey: Guid(a0724beafacec4a44a4bfd25e1ff3f74) Importer(815301076,1909f56bfc062723c751e8b465ee728b)
Start importing Assets/Materials/Physics Materials/PlayerBoddy.physicsMaterial2D using Guid(a0724beafacec4a44a4bfd25e1ff3f74) Importer(815301076,1909f56bfc062723c751e8b465ee728b)  -> (artifact id: '462367145b238582a151364f88dbadbd') in 0.002457 seconds
  Import took 0.007695 seconds .

========================================================================
Received Prepare
Registering precompiled user dll's ...
Registered in 0.002722 seconds.
Begin MonoManager ReloadAssembly
Native extension for WindowsStandalone target not found
Native extension for WebGL target not found
Refreshing native plugins compatible for Editor in 0.50 ms, found 3 plugins.
Preloading 0 native plugins for Editor in 0.00 ms.
Mono: successfully reloaded assembly
- Completed reload, in  1.176 seconds
Platform modules already initialized, skipping
Refreshing native plugins compatible for Editor in 0.51 ms, found 3 plugins.
Preloading 0 native plugins for Editor in 0.00 ms.
Unloading 2594 Unused Serialized files (Serialized files now loaded: 0)
System memory in use before: 117.0 MB.
System memory in use after: 116.4 MB.

Unloading 34 unused Assets to reduce memory usage. Loaded Objects now: 3127.
Total: 2.653400 ms (FindLiveObjects: 0.256500 ms CreateObjectMapping: 0.136300 ms MarkObjects: 1.900500 ms  DeleteObjects: 0.359000 ms)

========================================================================
Received Import Request.
  Time since last request: 13.742183 seconds.
  path: Assets/Materials/Physics Materials/PlayerBoddy.physicsMaterial2D
  artifactKey: Guid(a0724beafacec4a44a4bfd25e1ff3f74) Importer(815301076,1909f56bfc062723c751e8b465ee728b)
Start importing Assets/Materials/Physics Materials/PlayerBoddy.physicsMaterial2D using Guid(a0724beafacec4a44a4bfd25e1ff3f74) Importer(815301076,1909f56bfc062723c751e8b465ee728b)  -> (artifact id: '2177b6a35548f6a68923a3721e019aa6') in 0.014272 seconds
  Import took 0.060284 seconds .

========================================================================
Received Import Request.
  Time since last request: 0.068376 seconds.
  path: Assets/Materials/Physics Materials/PlayerBoddy.physicsMaterial2D
  artifactKey: Guid(a0724beafacec4a44a4bfd25e1ff3f74) Importer(815301076,1909f56bfc062723c751e8b465ee728b)
Start importing Assets/Materials/Physics Materials/PlayerBoddy.physicsMaterial2D using Guid(a0724beafacec4a44a4bfd25e1ff3f74) Importer(815301076,1909f56bfc062723c751e8b465ee728b)  -> (artifact id: '2177b6a35548f6a68923a3721e019aa6') in 0.003013 seconds
  Import took 0.008216 seconds .

========================================================================
Received Prepare
Registering precompiled user dll's ...
Registered in 0.003993 seconds.
Begin MonoManager ReloadAssembly
Native extension for WindowsStandalone target not found
Native extension for WebGL target not found
Refreshing native plugins compatible for Editor in 0.61 ms, found 3 plugins.
Preloading 0 native plugins for Editor in 0.00 ms.
Mono: successfully reloaded assembly
- Completed reload, in  1.697 seconds
Platform modules already initialized, skipping
Refreshing native plugins compatible for Editor in 0.51 ms, found 3 plugins.
Preloading 0 native plugins for Editor in 0.00 ms.
Unloading 2594 Unused Serialized files (Serialized files now loaded: 0)
System memory in use before: 117.0 MB.
System memory in use after: 116.4 MB.

Unloading 34 unused Assets to reduce memory usage. Loaded Objects now: 3131.
Total: 5.388700 ms (FindLiveObjects: 0.256300 ms CreateObjectMapping: 0.194700 ms MarkObjects: 4.507600 ms  DeleteObjects: 0.428700 ms)

========================================================================
Received Import Request.
  Time since last request: 1401.814822 seconds.
  path: Assets/Sprites/ExtraAssets.png
  artifactKey: Guid(fdb089f32e9f7e8499577a91f135acc3) Importer(815301076,1909f56bfc062723c751e8b465ee728b)
Start importing Assets/Sprites/ExtraAssets.png using Guid(fdb089f32e9f7e8499577a91f135acc3) Importer(815301076,1909f56bfc062723c751e8b465ee728b)  -> (artifact id: 'd161381dd6d214cc0fdf8870e4bd4eda') in 0.073873 seconds
  Import took 0.109374 seconds .

========================================================================
Received Import Request.
  Time since last request: 0.000246 seconds.
  path: Assets/Sprites/TileSet1.png
  artifactKey: Guid(b015cf43bf643b645afbaed91e604a56) Importer(815301076,1909f56bfc062723c751e8b465ee728b)
Start importing Assets/Sprites/TileSet1.png using Guid(b015cf43bf643b645afbaed91e604a56) Importer(815301076,1909f56bfc062723c751e8b465ee728b)  -> (artifact id: 'ae5dedd9b9d2a01149388415adff4595') in 0.136734 seconds
  Import took 0.164568 seconds .

========================================================================
Received Import Request.
  Time since last request: 14.668795 seconds.
  path: Assets/Sprites/ExtraAssets.png
  artifactKey: Guid(fdb089f32e9f7e8499577a91f135acc3) Importer(815301076,1909f56bfc062723c751e8b465ee728b)
Start importing Assets/Sprites/ExtraAssets.png using Guid(fdb089f32e9f7e8499577a91f135acc3) Importer(815301076,1909f56bfc062723c751e8b465ee728b)  -> (artifact id: 'dc9d0e2ad5aca7723dc78b9a9c5d0686') in 0.029190 seconds
  Import took 0.055398 seconds .

========================================================================
Received Import Request.
  Time since last request: 6.083083 seconds.
  path: Assets/Sprites/ExtraAssets.png
  artifactKey: Guid(fdb089f32e9f7e8499577a91f135acc3) Importer(815301076,1909f56bfc062723c751e8b465ee728b)
Start importing Assets/Sprites/ExtraAssets.png using Guid(fdb089f32e9f7e8499577a91f135acc3) Importer(815301076,1909f56bfc062723c751e8b465ee728b)  -> (artifact id: 'af7f0bf1eb981a08da40035275901634') in 0.031558 seconds
  Import took 0.038681 seconds .

========================================================================
Received Import Request.
  Time since last request: 119.148921 seconds.
  path: Assets/Sprites/ExtraAssets.png
  artifactKey: Guid(fdb089f32e9f7e8499577a91f135acc3) Importer(815301076,1909f56bfc062723c751e8b465ee728b)
Start importing Assets/Sprites/ExtraAssets.png using Guid(fdb089f32e9f7e8499577a91f135acc3) Importer(815301076,1909f56bfc062723c751e8b465ee728b)  -> (artifact id: 'c72b738412485136a1a34669b3db8c2e') in 0.026346 seconds
  Import took 0.045806 seconds .

========================================================================
Received Import Request.
  Time since last request: 21.059596 seconds.
  path: Assets/Sprites/ExtraAssets.png
  artifactKey: Guid(fdb089f32e9f7e8499577a91f135acc3) Importer(815301076,1909f56bfc062723c751e8b465ee728b)
Start importing Assets/Sprites/ExtraAssets.png using Guid(fdb089f32e9f7e8499577a91f135acc3) Importer(815301076,1909f56bfc062723c751e8b465ee728b)  -> (artifact id: '55652af14b85900e4df8d60dd4f59655') in 0.024615 seconds
  Import took 0.036952 seconds .

========================================================================
Received Import Request.
  Time since last request: 92.582785 seconds.
  path: Assets/Sprites/ExtraAssets.png
  artifactKey: Guid(fdb089f32e9f7e8499577a91f135acc3) Importer(815301076,1909f56bfc062723c751e8b465ee728b)
Start importing Assets/Sprites/ExtraAssets.png using Guid(fdb089f32e9f7e8499577a91f135acc3) Importer(815301076,1909f56bfc062723c751e8b465ee728b)  -> (artifact id: '77ec6f751b675ec2b0545679c5e326e5') in 0.026200 seconds
  Import took 0.051887 seconds .

========================================================================
Received Import Request.
  Time since last request: 0.002188 seconds.
  path: Assets/Sprites/ExtraAssets.png
  artifactKey: Guid(fdb089f32e9f7e8499577a91f135acc3) Importer(815301076,1909f56bfc062723c751e8b465ee728b)
Start importing Assets/Sprites/ExtraAssets.png using Guid(fdb089f32e9f7e8499577a91f135acc3) Importer(815301076,1909f56bfc062723c751e8b465ee728b)  -> (artifact id: '77ec6f751b675ec2b0545679c5e326e5') in 0.037249 seconds
  Import took 0.041751 seconds .

========================================================================
Received Import Request.
  Time since last request: 301.396671 seconds.
  path: Assets/Sprites/ExtraAssets.png
  artifactKey: Guid(fdb089f32e9f7e8499577a91f135acc3) Importer(815301076,1909f56bfc062723c751e8b465ee728b)
Start importing Assets/Sprites/ExtraAssets.png using Guid(fdb089f32e9f7e8499577a91f135acc3) Importer(815301076,1909f56bfc062723c751e8b465ee728b)  -> (artifact id: '2405376fb42f624b8550d754f1c7f2f8') in 0.030168 seconds
  Import took 0.066647 seconds .

========================================================================
Received Prepare
Registering precompiled user dll's ...
Registered in 0.003941 seconds.
Begin MonoManager ReloadAssembly
Native extension for WindowsStandalone target not found
Native extension for WebGL target not found
Refreshing native plugins compatible for Editor in 0.52 ms, found 3 plugins.
Preloading 0 native plugins for Editor in 0.00 ms.
Mono: successfully reloaded assembly
- Completed reload, in  1.257 seconds
Platform modules already initialized, skipping
Refreshing native plugins compatible for Editor in 0.72 ms, found 3 plugins.
Preloading 0 native plugins for Editor in 0.00 ms.
Unloading 2594 Unused Serialized files (Serialized files now loaded: 0)
System memory in use before: 117.0 MB.
System memory in use after: 116.5 MB.

Unloading 34 unused Assets to reduce memory usage. Loaded Objects now: 3141.
Total: 5.546100 ms (FindLiveObjects: 0.472700 ms CreateObjectMapping: 0.339900 ms MarkObjects: 4.334200 ms  DeleteObjects: 0.397700 ms)

========================================================================
Received Import Request.
  Time since last request: 3332.492126 seconds.
  path: Assets/Sprites/TileSet1.png
  artifactKey: Guid(b015cf43bf643b645afbaed91e604a56) Importer(815301076,1909f56bfc062723c751e8b465ee728b)
Start importing Assets/Sprites/TileSet1.png using Guid(b015cf43bf643b645afbaed91e604a56) Importer(815301076,1909f56bfc062723c751e8b465ee728b)  -> (artifact id: '95c8ff8d2649cd1dc97ae1500ecb814e') in 0.134448 seconds
  Import took 0.178385 seconds .

========================================================================
Received Import Request.
  Time since last request: 48.938664 seconds.
  path: Assets/Sprites/TileSet1.png
  artifactKey: Guid(b015cf43bf643b645afbaed91e604a56) Importer(815301076,1909f56bfc062723c751e8b465ee728b)
Start importing Assets/Sprites/TileSet1.png using Guid(b015cf43bf643b645afbaed91e604a56) Importer(815301076,1909f56bfc062723c751e8b465ee728b)  -> (artifact id: 'f239bd9f68b49ef0c0239c7b71fe03c7') in 0.106590 seconds
  Import took 0.142701 seconds .

========================================================================
Received Import Request.
  Time since last request: 116.509008 seconds.
  path: Assets/Prefabs/Environment/Tileset/TestTile.asset
  artifactKey: Guid(af8f2fc133e5b974db04a7a35cb4e56e) Importer(815301076,1909f56bfc062723c751e8b465ee728b)
Start importing Assets/Prefabs/Environment/Tileset/TestTile.asset using Guid(af8f2fc133e5b974db04a7a35cb4e56e) Importer(815301076,1909f56bfc062723c751e8b465ee728b)  -> (artifact id: '4e95e55092debefe50f073dd778fd667') in 0.037554 seconds
  Import took 0.143634 seconds .

========================================================================
Received Import Request.
  Time since last request: 0.000261 seconds.
  path: Assets/Prefabs/Environment/Tileset/BackGround.asset
  artifactKey: Guid(7dadd31355765374ba9c2915eff60679) Importer(815301076,1909f56bfc062723c751e8b465ee728b)
Start importing Assets/Prefabs/Environment/Tileset/BackGround.asset using Guid(7dadd31355765374ba9c2915eff60679) Importer(815301076,1909f56bfc062723c751e8b465ee728b)  -> (artifact id: '5f213bd17f461af3e7b4176939ce17b9') in 0.019972 seconds
  Import took 0.159270 seconds .

========================================================================
Received Prepare
Registering precompiled user dll's ...
Registered in 0.006985 seconds.
Begin MonoManager ReloadAssembly
Native extension for WindowsStandalone target not found
Native extension for WebGL target not found
Refreshing native plugins compatible for Editor in 0.56 ms, found 3 plugins.
Preloading 0 native plugins for Editor in 0.00 ms.
Mono: successfully reloaded assembly
- Completed reload, in  1.777 seconds
Platform modules already initialized, skipping
Refreshing native plugins compatible for Editor in 0.93 ms, found 3 plugins.
Preloading 0 native plugins for Editor in 0.00 ms.
Unloading 2594 Unused Serialized files (Serialized files now loaded: 0)
System memory in use before: 117.1 MB.
System memory in use after: 116.5 MB.

Unloading 34 unused Assets to reduce memory usage. Loaded Objects now: 3148.
Total: 5.085400 ms (FindLiveObjects: 0.358100 ms CreateObjectMapping: 0.540100 ms MarkObjects: 3.603800 ms  DeleteObjects: 0.581800 ms)

========================================================================
Received Import Request.
  Time since last request: 6589.552381 seconds.
  path: Assets/Materials/Physics Materials/PlayerBoddy.physicsMaterial2D
  artifactKey: Guid(a0724beafacec4a44a4bfd25e1ff3f74) Importer(815301076,1909f56bfc062723c751e8b465ee728b)
Start importing Assets/Materials/Physics Materials/PlayerBoddy.physicsMaterial2D using Guid(a0724beafacec4a44a4bfd25e1ff3f74) Importer(815301076,1909f56bfc062723c751e8b465ee728b)  -> (artifact id: '4ffef42c2717988e5a8e9451bec87a1a') in 0.023161 seconds
  Import took 0.036527 seconds .

========================================================================
Received Prepare
Registering precompiled user dll's ...
Registered in 0.003672 seconds.
Begin MonoManager ReloadAssembly
Native extension for WindowsStandalone target not found
Native extension for WebGL target not found
Refreshing native plugins compatible for Editor in 0.48 ms, found 3 plugins.
Preloading 0 native plugins for Editor in 0.00 ms.
Mono: successfully reloaded assembly
- Completed reload, in  1.093 seconds
Platform modules already initialized, skipping
Refreshing native plugins compatible for Editor in 0.49 ms, found 3 plugins.
Preloading 0 native plugins for Editor in 0.00 ms.
Unloading 2594 Unused Serialized files (Serialized files now loaded: 0)
System memory in use before: 117.1 MB.
System memory in use after: 116.5 MB.

Unloading 34 unused Assets to reduce memory usage. Loaded Objects now: 3152.
Total: 3.205500 ms (FindLiveObjects: 0.445700 ms CreateObjectMapping: 0.143900 ms MarkObjects: 2.251000 ms  DeleteObjects: 0.363700 ms)

AssetImportWorkerClient::OnTransportError - code=2 error=End of file
