Using pre-set license
Built from '2020.3/staging' branch; Version is '2020.3.11f1 (99c7afb366b3) revision 10078127'; Using compiler version '192528614'; Build Type 'Release'
OS: 'Windows 10 Pro; OS build 19043.1052; Version 2009; 64bit' Language: 'en' Physical Memory: 24516 MB
BatchMode: 1, IsHumanControllingUs: 0, StartBugReporterOnCrash: 0, Is64bit: 1, IsPro: 0

 COMMAND LINE ARGUMENTS:
C:\Program Files\Unity\Hub\Editor\2020.3.11f1\Editor\Unity.exe
-adb2
-batchMode
-noUpm
-name
AssetImportWorker0
-projectPath
D:/Projects/Assessment_5_Side_To_Side/UnityProject/New Unity Project
-logFile
Logs/AssetImportWorker0.log
-srvPort
59519
Successfully changed project path to: D:/Projects/Assessment_5_Side_To_Side/UnityProject/New Unity Project
D:/Projects/Assessment_5_Side_To_Side/UnityProject/New Unity Project
Using Asset Import Pipeline V2.
Refreshing native plugins compatible for Editor in 50.08 ms, found 2 plugins.
Preloading 0 native plugins for Editor in 0.00 ms.
Initialize engine version: 2020.3.11f1 (99c7afb366b3)
[Subsystems] Discovering subsystems at path C:/Program Files/Unity/Hub/Editor/2020.3.11f1/Editor/Data/Resources/UnitySubsystems
[Subsystems] Discovering subsystems at path D:/Projects/Assessment_5_Side_To_Side/UnityProject/New Unity Project/Assets
GfxDevice: creating device client; threaded=0
Direct3D:
    Version:  Direct3D 11.0 [level 11.1]
    Renderer: NVIDIA GeForce GTX 1060 6GB (ID=0x1c03)
    Vendor:   
    VRAM:     6052 MB
    Driver:   30.0.14.7111
Initialize mono
Mono path[0] = 'C:/Program Files/Unity/Hub/Editor/2020.3.11f1/Editor/Data/Managed'
Mono path[1] = 'C:/Program Files/Unity/Hub/Editor/2020.3.11f1/Editor/Data/MonoBleedingEdge/lib/mono/unityjit'
Mono config path = 'C:/Program Files/Unity/Hub/Editor/2020.3.11f1/Editor/Data/MonoBleedingEdge/etc'
Using monoOptions --debugger-agent=transport=dt_socket,embedding=1,server=y,suspend=n,address=127.0.0.1:56096
Begin MonoManager ReloadAssembly
Registering precompiled unity dll's ...
Register platform support module: C:/Program Files/Unity/Hub/Editor/2020.3.11f1/Editor/Data/PlaybackEngines/WebGLSupport/UnityEditor.WebGL.Extensions.dll
Register platform support module: C:/Program Files/Unity/Hub/Editor/2020.3.11f1/Editor/Data/PlaybackEngines/WindowsStandaloneSupport/UnityEditor.WindowsStandalone.Extensions.dll
Registered in 0.001726 seconds.
Native extension for WindowsStandalone target not found
Native extension for WebGL target not found
Refreshing native plugins compatible for Editor in 54.78 ms, found 2 plugins.
Preloading 0 native plugins for Editor in 0.00 ms.
Mono: successfully reloaded assembly
- Completed reload, in  1.668 seconds
Platform modules already initialized, skipping
Registering precompiled user dll's ...
Registered in 0.002847 seconds.
Begin MonoManager ReloadAssembly
Native extension for WindowsStandalone target not found
Native extension for WebGL target not found
Refreshing native plugins compatible for Editor in 0.49 ms, found 2 plugins.
Preloading 0 native plugins for Editor in 0.00 ms.
Mono: successfully reloaded assembly
- Completed reload, in  1.053 seconds
Platform modules already initialized, skipping
========================================================================
Worker process is ready to serve import requests
Launched and connected shader compiler UnityShaderCompiler.exe after 0.05 seconds
Refreshing native plugins compatible for Editor in 0.51 ms, found 2 plugins.
Preloading 0 native plugins for Editor in 0.00 ms.
Unloading 1931 Unused Serialized files (Serialized files now loaded: 0)
System memory in use before: 91.7 MB.
System memory in use after: 91.8 MB.

Unloading 22 unused Assets to reduce memory usage. Loaded Objects now: 2375.
Total: 1.903400 ms (FindLiveObjects: 0.191700 ms CreateObjectMapping: 0.076000 ms MarkObjects: 1.607100 ms  DeleteObjects: 0.027600 ms)

========================================================================
Received Import Request.
  path: Assets/2DGamekit/Prefabs/VFX/Enemies/Chomper/ChomperDie.prefab
  artifactKey: Guid(61a6972b233f54246b0d0c15eabfb857) Importer(815301076,1909f56bfc062723c751e8b465ee728b)
Start importing Assets/2DGamekit/Prefabs/VFX/Enemies/Chomper/ChomperDie.prefab using Guid(61a6972b233f54246b0d0c15eabfb857) Importer(815301076,1909f56bfc062723c751e8b465ee728b)  -> (artifact id: '95bbfb93c1be168c17f2dafc2ccd41c9') in 0.110901 seconds
  Import took 0.152173 seconds .

========================================================================
Received Import Request.
  Time since last request: 0.000200 seconds.
  path: Assets/2DGamekit/Prefabs/VFX/Enemies/Gunner/GunnerShieldHit.prefab
  artifactKey: Guid(c5f99beb88686a342b1d3a911e99f8c1) Importer(815301076,1909f56bfc062723c751e8b465ee728b)
Start importing Assets/2DGamekit/Prefabs/VFX/Enemies/Gunner/GunnerShieldHit.prefab using Guid(c5f99beb88686a342b1d3a911e99f8c1) Importer(815301076,1909f56bfc062723c751e8b465ee728b)  -> (artifact id: 'c5904a984c33b8df791cda87112173a6') in 0.009190 seconds
  Import took 0.039772 seconds .

========================================================================
Received Import Request.
  Time since last request: 0.000161 seconds.
  path: Assets/2DGamekit/Prefabs/VFX/Enemies/Gunner/GunnerGrenade.prefab
  artifactKey: Guid(2ac3d03c4b22fb24a9d186e58a291f57) Importer(815301076,1909f56bfc062723c751e8b465ee728b)
Start importing Assets/2DGamekit/Prefabs/VFX/Enemies/Gunner/GunnerGrenade.prefab using Guid(2ac3d03c4b22fb24a9d186e58a291f57) Importer(815301076,1909f56bfc062723c751e8b465ee728b)  -> (artifact id: '3774123f231c20e0efddd2f4406bd330') in 0.242161 seconds
  Import took 0.282006 seconds .

========================================================================
Received Import Request.
  Time since last request: 0.000257 seconds.
  path: Assets/2DGamekit/Prefabs/VFX/Enemies/Gunner/GunnerProjectileFire.prefab
  artifactKey: Guid(62e2325fb41250c478144a6d6d028060) Importer(815301076,1909f56bfc062723c751e8b465ee728b)
Start importing Assets/2DGamekit/Prefabs/VFX/Enemies/Gunner/GunnerProjectileFire.prefab using Guid(62e2325fb41250c478144a6d6d028060) Importer(815301076,1909f56bfc062723c751e8b465ee728b)  -> (artifact id: '22b9544e0dbcb7dbf3a1199a6b045a0e') in 0.023915 seconds
  Import took 0.027314 seconds .

========================================================================
Received Import Request.
  Time since last request: 0.000254 seconds.
  path: Assets/2DGamekit/Prefabs/VFX/Enemies/Gunner/GunnerDamage.prefab
  artifactKey: Guid(d5a14f17f544e6c4db02c9bdfbb9b1b0) Importer(815301076,1909f56bfc062723c751e8b465ee728b)
Start importing Assets/2DGamekit/Prefabs/VFX/Enemies/Gunner/GunnerDamage.prefab using Guid(d5a14f17f544e6c4db02c9bdfbb9b1b0) Importer(815301076,1909f56bfc062723c751e8b465ee728b)  -> (artifact id: 'da573f5947c6779f37b9c40f9208e40e') in 0.014707 seconds
  Import took 0.042263 seconds .

========================================================================
Received Import Request.
  Time since last request: 0.000230 seconds.
  path: Assets/2DGamekit/Prefabs/VFX/Enemies/Spitter/SpitterSpit.prefab
  artifactKey: Guid(c41384fe176ad434a994a2a22ed8f392) Importer(815301076,1909f56bfc062723c751e8b465ee728b)
Start importing Assets/2DGamekit/Prefabs/VFX/Enemies/Spitter/SpitterSpit.prefab using Guid(c41384fe176ad434a994a2a22ed8f392) Importer(815301076,1909f56bfc062723c751e8b465ee728b)  -> (artifact id: 'd665d409af131a2c06c32d71d39753be') in 0.024910 seconds
  Import took 0.040794 seconds .

========================================================================
Received Import Request.
  Time since last request: 0.000275 seconds.
  path: Assets/2DGamekit/Prefabs/VFX/Enemies/Gunner/GunnerProjectileHit.prefab
  artifactKey: Guid(ebf7ed0a9a9a50e498db0703765a94a6) Importer(815301076,1909f56bfc062723c751e8b465ee728b)
Start importing Assets/2DGamekit/Prefabs/VFX/Enemies/Gunner/GunnerProjectileHit.prefab using Guid(ebf7ed0a9a9a50e498db0703765a94a6) Importer(815301076,1909f56bfc062723c751e8b465ee728b)  -> (artifact id: 'a6d33db8bcb7bda23da2933568d61f94') in 0.009162 seconds
  Import took 0.013943 seconds .

========================================================================
Received Import Request.
  Time since last request: 0.000273 seconds.
  path: Assets/2DGamekit/Prefabs/VFX/Enemies/Gunner/GunnerUpBeamEffect.prefab
  artifactKey: Guid(9900d904a54f7f2478123cb690ab35a4) Importer(815301076,1909f56bfc062723c751e8b465ee728b)
Start importing Assets/2DGamekit/Prefabs/VFX/Enemies/Gunner/GunnerUpBeamEffect.prefab using Guid(9900d904a54f7f2478123cb690ab35a4) Importer(815301076,1909f56bfc062723c751e8b465ee728b)  -> (artifact id: '45402309ecfd88062bf6cd869f732083') in 0.009853 seconds
  Import took 0.038775 seconds .

========================================================================
Received Import Request.
  Time since last request: 0.000258 seconds.
  path: Assets/2DGamekit/Prefabs/VFX/Enemies/Gunner/LightningFloor.prefab
  artifactKey: Guid(790785ce1430b304194fd6139de35800) Importer(815301076,1909f56bfc062723c751e8b465ee728b)
Start importing Assets/2DGamekit/Prefabs/VFX/Enemies/Gunner/LightningFloor.prefab using Guid(790785ce1430b304194fd6139de35800) Importer(815301076,1909f56bfc062723c751e8b465ee728b)  -> (artifact id: 'd1b941e77453f1db78892ece0c93ae64') in 0.107519 seconds
  Import took 0.140596 seconds .

========================================================================
Received Import Request.
  Time since last request: 0.000273 seconds.
  path: Assets/2DGamekit/Prefabs/VFX/Enemies/Gunner/GunnerHitDamage.prefab
  artifactKey: Guid(b3bb281a13618314da45e7c0d01d9f5f) Importer(815301076,1909f56bfc062723c751e8b465ee728b)
Start importing Assets/2DGamekit/Prefabs/VFX/Enemies/Gunner/GunnerHitDamage.prefab using Guid(b3bb281a13618314da45e7c0d01d9f5f) Importer(815301076,1909f56bfc062723c751e8b465ee728b)  -> (artifact id: '6a49d7ee34fbf31f48cd6a5fd00726fb') in 0.022959 seconds
  Import took 0.049608 seconds .

========================================================================
Received Import Request.
  Time since last request: 0.000215 seconds.
  path: Assets/2DGamekit/Prefabs/VFX/Enemies/Gunner/GunnerLightning.prefab
  artifactKey: Guid(0fce9aca7785d364a90b48c98c3a51b6) Importer(815301076,1909f56bfc062723c751e8b465ee728b)
Start importing Assets/2DGamekit/Prefabs/VFX/Enemies/Gunner/GunnerLightning.prefab using Guid(0fce9aca7785d364a90b48c98c3a51b6) Importer(815301076,1909f56bfc062723c751e8b465ee728b)  -> (artifact id: 'e741f6f0d335e794d7192060fa2c5992') in 0.023404 seconds
  Import took 0.059330 seconds .

========================================================================
Received Import Request.
  Time since last request: 0.000408 seconds.
  path: Assets/2DGamekit/Prefabs/VFX/Enemies/Spitter/SpitProjectille.prefab
  artifactKey: Guid(7a9b8f4adaceb7d469f3f02edc8472d5) Importer(815301076,1909f56bfc062723c751e8b465ee728b)
Start importing Assets/2DGamekit/Prefabs/VFX/Enemies/Spitter/SpitProjectille.prefab using Guid(7a9b8f4adaceb7d469f3f02edc8472d5) Importer(815301076,1909f56bfc062723c751e8b465ee728b)  -> (artifact id: '68b3b4c5a8f3e1b9eff08066361de49d') in 0.102550 seconds
  Import took 0.128570 seconds .

========================================================================
Received Import Request.
  Time since last request: 0.000241 seconds.
  path: Assets/2DGamekit/Prefabs/VFX/Enemies/Gunner/GunnerProjectile.prefab
  artifactKey: Guid(7cca00a010a54534493450e42c76b7bb) Importer(815301076,1909f56bfc062723c751e8b465ee728b)
Start importing Assets/2DGamekit/Prefabs/VFX/Enemies/Gunner/GunnerProjectile.prefab using Guid(7cca00a010a54534493450e42c76b7bb) Importer(815301076,1909f56bfc062723c751e8b465ee728b)  -> (artifact id: '8c3af8f1d3961c68d29b9d93b1e6b5e1') in 0.034388 seconds
  Import took 0.038226 seconds .

========================================================================
Received Import Request.
  Time since last request: 0.000245 seconds.
  path: Assets/2DGamekit/Prefabs/VFX/Enemies/Gunner/GunnerShield.prefab
  artifactKey: Guid(4ba44c764bf20fc4c88a7a42dca61256) Importer(815301076,1909f56bfc062723c751e8b465ee728b)
Start importing Assets/2DGamekit/Prefabs/VFX/Enemies/Gunner/GunnerShield.prefab using Guid(4ba44c764bf20fc4c88a7a42dca61256) Importer(815301076,1909f56bfc062723c751e8b465ee728b)  -> (artifact id: '365629a3abe4734cdb8ea43a881b47c4') in 0.100613 seconds
  Import took 0.135749 seconds .

========================================================================
Received Import Request.
  Time since last request: 0.000258 seconds.
  path: Assets/2DGamekit/Prefabs/VFX/Enemies/Chomper/ChomperBiteEffect.prefab
  artifactKey: Guid(36e8cdbcd42e8104cb2a7e06368f23e9) Importer(815301076,1909f56bfc062723c751e8b465ee728b)
Start importing Assets/2DGamekit/Prefabs/VFX/Enemies/Chomper/ChomperBiteEffect.prefab using Guid(36e8cdbcd42e8104cb2a7e06368f23e9) Importer(815301076,1909f56bfc062723c751e8b465ee728b)  -> (artifact id: 'def70af8498d9e041ceddc88fbd35c98') in 0.017344 seconds
  Import took 0.039515 seconds .

========================================================================
Received Import Request.
  Time since last request: 0.000256 seconds.
  path: Assets/2DGamekit/Prefabs/VFX/Enemies/Gunner/GunnerBeamEffect.prefab
  artifactKey: Guid(296b19e4ad513154e9aa7cff2f759a1e) Importer(815301076,1909f56bfc062723c751e8b465ee728b)
Start importing Assets/2DGamekit/Prefabs/VFX/Enemies/Gunner/GunnerBeamEffect.prefab using Guid(296b19e4ad513154e9aa7cff2f759a1e) Importer(815301076,1909f56bfc062723c751e8b465ee728b)  -> (artifact id: 'b8c87f8f56dcec9bc8c0843fca3811d2') in 0.231090 seconds
  Import took 0.256248 seconds .

========================================================================
Received Import Request.
  Time since last request: 3.415433 seconds.
  path: Assets/2DGamekit/Prefabs/VFX/Interactables/HealingEffect.prefab
  artifactKey: Guid(22d975de71983884ea3e0dcc57424749) Importer(815301076,1909f56bfc062723c751e8b465ee728b)
Start importing Assets/2DGamekit/Prefabs/VFX/Interactables/HealingEffect.prefab using Guid(22d975de71983884ea3e0dcc57424749) Importer(815301076,1909f56bfc062723c751e8b465ee728b)  -> (artifact id: 'a3e24035909c8782502a28203b38f51a') in 0.057857 seconds
  Import took 0.111708 seconds .

========================================================================
Received Import Request.
  Time since last request: 0.000300 seconds.
  path: Assets/2DGamekit/Prefabs/VFX/Interactables/PlatformCircleEffect.prefab
  artifactKey: Guid(a8ee876fba0908d44b68aaaecca8a4e1) Importer(815301076,1909f56bfc062723c751e8b465ee728b)
Start importing Assets/2DGamekit/Prefabs/VFX/Interactables/PlatformCircleEffect.prefab using Guid(a8ee876fba0908d44b68aaaecca8a4e1) Importer(815301076,1909f56bfc062723c751e8b465ee728b)  -> (artifact id: '394e1a4890d4ee8f2aaf5a54ac357662') in 0.030103 seconds
  Import took 0.065255 seconds .

========================================================================
Received Import Request.
  Time since last request: 0.000232 seconds.
  path: Assets/2DGamekit/Prefabs/VFX/Interactables/PickUpEffect.prefab
  artifactKey: Guid(5a4dedcc0d105f34da4eed8c2a3f3f67) Importer(815301076,1909f56bfc062723c751e8b465ee728b)
Start importing Assets/2DGamekit/Prefabs/VFX/Interactables/PickUpEffect.prefab using Guid(5a4dedcc0d105f34da4eed8c2a3f3f67) Importer(815301076,1909f56bfc062723c751e8b465ee728b)  -> (artifact id: '4119008a3f40079195fd563635bad47c') in 0.010984 seconds
  Import took 0.016015 seconds .

========================================================================
Received Import Request.
  Time since last request: 0.000251 seconds.
  path: Assets/2DGamekit/Prefabs/VFX/Interactables/HealingGlobe.prefab
  artifactKey: Guid(a143bc5e08fd214439e68f9541e16066) Importer(815301076,1909f56bfc062723c751e8b465ee728b)
Start importing Assets/2DGamekit/Prefabs/VFX/Interactables/HealingGlobe.prefab using Guid(a143bc5e08fd214439e68f9541e16066) Importer(815301076,1909f56bfc062723c751e8b465ee728b)  -> (artifact id: 'ed5556c3f41076ba8517d0de1740f44d') in 0.147709 seconds
  Import took 0.166465 seconds .

========================================================================
Received Import Request.
  Time since last request: 8.940364 seconds.
  path: Assets/2DGamekit/Art/Animations/Timeline/Zone2CutsceneTimeline.playable
  artifactKey: Guid(1531c2544f284334a93cf920feeffef3) Importer(815301076,1909f56bfc062723c751e8b465ee728b)
Start importing Assets/2DGamekit/Art/Animations/Timeline/Zone2CutsceneTimeline.playable using Guid(1531c2544f284334a93cf920feeffef3) Importer(815301076,1909f56bfc062723c751e8b465ee728b)  -> (artifact id: 'f54f1c6d4b5c2b21779ad4eca4a9fab9') in 0.019431 seconds
  Import took 0.055034 seconds .

========================================================================
Received Import Request.
  Time since last request: 0.000245 seconds.
  path: Assets/2DGamekit/Art/Animations/Timeline/Zone4Cutscene1Timeline.playable
  artifactKey: Guid(e0370d49e45befd49bd8caf1af498575) Importer(815301076,1909f56bfc062723c751e8b465ee728b)
Start importing Assets/2DGamekit/Art/Animations/Timeline/Zone4Cutscene1Timeline.playable using Guid(e0370d49e45befd49bd8caf1af498575) Importer(815301076,1909f56bfc062723c751e8b465ee728b)  -> (artifact id: 'bf00dffafd3ee21b54745da1e30d8637') in 0.006435 seconds
  Import took 0.057620 seconds .

========================================================================
Received Import Request.
  Time since last request: 0.000333 seconds.
  path: Assets/2DGamekit/Art/Animations/Timeline/Zone4Cutscene2Timeline.playable
  artifactKey: Guid(7d624d33590bb7c4988da22985cb5263) Importer(815301076,1909f56bfc062723c751e8b465ee728b)
Start importing Assets/2DGamekit/Art/Animations/Timeline/Zone4Cutscene2Timeline.playable using Guid(7d624d33590bb7c4988da22985cb5263) Importer(815301076,1909f56bfc062723c751e8b465ee728b)  -> (artifact id: '7ed9918f70cda2e42e0e43bc2e3bbe30') in 0.044196 seconds
  Import took 0.066753 seconds .

========================================================================
Received Import Request.
  Time since last request: 0.164250 seconds.
  path: Assets/2DGamekit/Art/Animations/Timeline/Zone5CutsceneTineline.playable
  artifactKey: Guid(bb48787907c249b48a5df0383be03462) Importer(815301076,1909f56bfc062723c751e8b465ee728b)
Start importing Assets/2DGamekit/Art/Animations/Timeline/Zone5CutsceneTineline.playable using Guid(bb48787907c249b48a5df0383be03462) Importer(815301076,1909f56bfc062723c751e8b465ee728b)  -> (artifact id: '394f44fe8e40c7d835b831b8c4b43445') in 0.024105 seconds
  Import took 0.028561 seconds .

========================================================================
Received Import Request.
  Time since last request: 3.977093 seconds.
  path: Assets/2DGamekit/Art/Animations/Animators/UI/HUD/Dialogue.overrideController
  artifactKey: Guid(de10ffe78ad1c554d909f1ee999a10fb) Importer(815301076,1909f56bfc062723c751e8b465ee728b)
Start importing Assets/2DGamekit/Art/Animations/Animators/UI/HUD/Dialogue.overrideController using Guid(de10ffe78ad1c554d909f1ee999a10fb) Importer(815301076,1909f56bfc062723c751e8b465ee728b)  -> (artifact id: '7cd5472bd449bdd19a80f64f7c0a6bf5') in 0.181143 seconds
  Import took 0.209493 seconds .

========================================================================
Received Import Request.
  Time since last request: 70.993453 seconds.
  path: Assets/2DGamekit/Art/TileMapPalettes/Tileset/TilesetAlienRules.asset
  artifactKey: Guid(1032823b40fd7ef4ea6f06b3e6c5c860) Importer(815301076,1909f56bfc062723c751e8b465ee728b)
Start importing Assets/2DGamekit/Art/TileMapPalettes/Tileset/TilesetAlienRules.asset using Guid(1032823b40fd7ef4ea6f06b3e6c5c860) Importer(815301076,1909f56bfc062723c751e8b465ee728b)  -> (artifact id: 'f085be0ad44ddcc0810236119935ccce') in 0.119163 seconds
  Import took 0.156659 seconds .

========================================================================
Received Import Request.
  Time since last request: 0.002778 seconds.
  path: Assets/2DGamekit/Art/TileMapPalettes/Tileset/TilesetAlienRules.asset
  artifactKey: Guid(1032823b40fd7ef4ea6f06b3e6c5c860) Importer(815301076,1909f56bfc062723c751e8b465ee728b)
Start importing Assets/2DGamekit/Art/TileMapPalettes/Tileset/TilesetAlienRules.asset using Guid(1032823b40fd7ef4ea6f06b3e6c5c860) Importer(815301076,1909f56bfc062723c751e8b465ee728b)  -> (artifact id: 'f085be0ad44ddcc0810236119935ccce') in 0.061947 seconds
  Import took 0.081629 seconds .

========================================================================
Received Import Request.
  Time since last request: 161.558708 seconds.
  path: Assets/2DGamekit/Art/TileMapPalettes/Tileset/TilesAlien
  artifactKey: Guid(f0b7761c55552ba4a86a3eb8e5f470ea) Importer(815301076,1909f56bfc062723c751e8b465ee728b)
Start importing Assets/2DGamekit/Art/TileMapPalettes/Tileset/TilesAlien using Guid(f0b7761c55552ba4a86a3eb8e5f470ea) Importer(815301076,1909f56bfc062723c751e8b465ee728b)  -> (artifact id: '9b7c8e980e572c11b80794f2fcebdc63') in 0.033578 seconds
  Import took 0.059506 seconds .

========================================================================
Received Import Request.
  Time since last request: 15.716298 seconds.
  path: Assets/2DGamekit/Art/TileMapPalettes/Tileset/TilesRock
  artifactKey: Guid(aae9694181f02e642a8503cb971589aa) Importer(815301076,1909f56bfc062723c751e8b465ee728b)
Start importing Assets/2DGamekit/Art/TileMapPalettes/Tileset/TilesRock using Guid(aae9694181f02e642a8503cb971589aa) Importer(815301076,1909f56bfc062723c751e8b465ee728b)  -> (artifact id: 'a011458bfd9f20dc72e9dd09aa9aa6cd') in 0.037516 seconds
  Import took 0.063664 seconds .

AssetImportWorkerClient::OnTransportError - code=2 error=End of file
